
2110029 : 0x65624c2c03c7 : 1 : spill_jit_data :  Jit agent is not initialized
2110013 : 0x65624c2c961c : 2 : ittapi_config_mask_get :  --itt-config mask to be applied: 21
2110013 : 0x65624c2ccb1e : 2 : ittapi_config_apply_per_lib :  ITTAPI function instrumented: __itt_domain_create
2110013 : 0x65624c2cdca3 : 2 : ittapi_config_apply_per_lib :  ITTAPI function instrumented: __itt_string_handle_create
2110013 : 0x65624c2ce86c : 2 : ittapi_config_apply_per_lib :  ITTAPI function instrumented: __itt_pause
2110013 : 0x65624c2cf497 : 2 : ittapi_config_apply_per_lib :  ITTAPI function instrumented: __itt_resume
2110013 : 0x65624c2cff81 : 2 : ittapi_config_apply_per_lib :  ITTAPI function instrumented: __itt_thread_set_name
2110013 : 0x65624c2d09ce : 2 : ittapi_config_apply_per_lib :  ITTAPI function instrumented: __itt_thread_ignore
2110013 : 0x65624c2d12e7 : 2 : ittapi_config_apply_per_lib :  ITTAPI function instrumented: __itt_thr_name_set
2110013 : 0x65624c2d1d2d : 2 : ittapi_config_apply_per_lib :  ITTAPI function instrumented: __itt_thr_ignore
2110013 : 0x65624c2db689 : 2 : ittapi_config_apply_per_lib :  ITTAPI function NOT instrumented (not matched by --itt-config option): __itt_sync_create

2110013 : 0x65624c2dc18e : 2 : ittapi_config_apply_per_lib :  ITTAPI function NOT instrumented (not matched by --itt-config option): __itt_sync_rename

2110013 : 0x65624c2dc8a7 : 2 : ittapi_config_apply_per_lib :  ITTAPI function NOT instrumented (not matched by --itt-config option): __itt_sync_destroy

2110013 : 0x65624c2dd2b6 : 2 : ittapi_config_apply_per_lib :  ITTAPI function NOT instrumented (not matched by --itt-config option): __itt_sync_prepare

2110013 : 0x65624c2dda65 : 2 : ittapi_config_apply_per_lib :  ITTAPI function NOT instrumented (not matched by --itt-config option): __itt_sync_cancel

2110013 : 0x65624c2de1cb : 2 : ittapi_config_apply_per_lib :  ITTAPI function NOT instrumented (not matched by --itt-config option): __itt_sync_acquired

2110013 : 0x65624c2debd2 : 2 : ittapi_config_apply_per_lib :  ITTAPI function NOT instrumented (not matched by --itt-config option): __itt_sync_releasing

2110013 : 0x65624c2dff67 : 2 : ittapi_config_apply_per_lib :  ITTAPI function not implemented: __itt_suppress_push
2110013 : 0x65624c2e0dde : 2 : ittapi_config_apply_per_lib :  ITTAPI function not implemented: __itt_suppress_pop
2110013 : 0x65624c2e2987 : 2 : ittapi_config_apply_per_lib :  ITTAPI function not implemented: __itt_suppress_mark_range
2110013 : 0x65624c2e5e52 : 2 : ittapi_config_apply_per_lib :  ITTAPI function not implemented: __itt_suppress_clear_range
2110013 : 0x65624c2e65d4 : 2 : ittapi_config_apply_per_lib :  ITTAPI function NOT instrumented (not matched by --itt-config option): __itt_sync_prepare

2110013 : 0x65624c2e6fc5 : 2 : ittapi_config_apply_per_lib :  ITTAPI function NOT instrumented (not matched by --itt-config option): __itt_sync_cancel

2110013 : 0x65624c2e77d5 : 2 : ittapi_config_apply_per_lib :  ITTAPI function NOT instrumented (not matched by --itt-config option): __itt_sync_acquired

2110013 : 0x65624c2e7fc1 : 2 : ittapi_config_apply_per_lib :  ITTAPI function NOT instrumented (not matched by --itt-config option): __itt_sync_releasing

2110013 : 0x65624c2e8961 : 2 : ittapi_config_apply_per_lib :  ITTAPI function NOT instrumented (not matched by --itt-config option): __itt_model_site_begin

2110013 : 0x65624c2e91a2 : 2 : ittapi_config_apply_per_lib :  ITTAPI function NOT instrumented (not matched by --itt-config option): __itt_model_site_end

2110013 : 0x65624c2e9a27 : 2 : ittapi_config_apply_per_lib :  ITTAPI function NOT instrumented (not matched by --itt-config option): __itt_model_task_begin

2110013 : 0x65624c2ea250 : 2 : ittapi_config_apply_per_lib :  ITTAPI function NOT instrumented (not matched by --itt-config option): __itt_model_task_end

2110013 : 0x65624c2eaae4 : 2 : ittapi_config_apply_per_lib :  ITTAPI function NOT instrumented (not matched by --itt-config option): __itt_model_lock_acquire

2110013 : 0x65624c2ed16b : 2 : ittapi_config_apply_per_lib :  ITTAPI function NOT instrumented (not matched by --itt-config option): __itt_model_lock_release

2110013 : 0x65624c2ed959 : 2 : ittapi_config_apply_per_lib :  ITTAPI function NOT instrumented (not matched by --itt-config option): __itt_model_record_allocation

2110013 : 0x65624c2ee14b : 2 : ittapi_config_apply_per_lib :  ITTAPI function NOT instrumented (not matched by --itt-config option): __itt_model_record_deallocation

2110013 : 0x65624c2eea0a : 2 : ittapi_config_apply_per_lib :  ITTAPI function NOT instrumented (not matched by --itt-config option): __itt_model_induction_uses

2110013 : 0x65624c2ef10e : 2 : ittapi_config_apply_per_lib :  ITTAPI function NOT instrumented (not matched by --itt-config option): __itt_model_reduction_uses

2110013 : 0x65624c2ef6e7 : 2 : ittapi_config_apply_per_lib :  ITTAPI function NOT instrumented (not matched by --itt-config option): __itt_model_observe_uses

2110013 : 0x65624c2efbf9 : 2 : ittapi_config_apply_per_lib :  ITTAPI function NOT instrumented (not matched by --itt-config option): __itt_model_clear_uses

2110013 : 0x65624c2f023f : 2 : ittapi_config_apply_per_lib :  ITTAPI function NOT instrumented (not matched by --itt-config option): __itt_model_site_beginA

2110013 : 0x65624c2f0738 : 2 : ittapi_config_apply_per_lib :  ITTAPI function NOT instrumented (not matched by --itt-config option): __itt_model_site_beginAL

2110013 : 0x65624c2f0ba8 : 2 : ittapi_config_apply_per_lib :  ITTAPI function NOT instrumented (not matched by --itt-config option): __itt_model_task_beginA

2110013 : 0x65624c2f52f2 : 2 : ittapi_config_apply_per_lib :  ITTAPI function NOT instrumented (not matched by --itt-config option): __itt_model_task_beginAL

2110013 : 0x65624c2f5b3d : 2 : ittapi_config_apply_per_lib :  ITTAPI function NOT instrumented (not matched by --itt-config option): __itt_model_iteration_taskA

2110013 : 0x65624c2f615e : 2 : ittapi_config_apply_per_lib :  ITTAPI function NOT instrumented (not matched by --itt-config option): __itt_model_iteration_taskAL

2110013 : 0x65624c2f6722 : 2 : ittapi_config_apply_per_lib :  ITTAPI function NOT instrumented (not matched by --itt-config option): __itt_model_site_end_2

2110013 : 0x65624c2f6c48 : 2 : ittapi_config_apply_per_lib :  ITTAPI function NOT instrumented (not matched by --itt-config option): __itt_model_task_end_2

2110013 : 0x65624c2f7250 : 2 : ittapi_config_apply_per_lib :  ITTAPI function NOT instrumented (not matched by --itt-config option): __itt_model_lock_acquire_2

2110013 : 0x65624c2f7801 : 2 : ittapi_config_apply_per_lib :  ITTAPI function NOT instrumented (not matched by --itt-config option): __itt_model_lock_release_2

2110013 : 0x65624c2f7ea5 : 2 : ittapi_config_apply_per_lib :  ITTAPI function NOT instrumented (not matched by --itt-config option): __itt_model_aggregate_task

2110013 : 0x65624c2f8471 : 2 : ittapi_config_apply_per_lib :  ITTAPI function NOT instrumented (not matched by --itt-config option): __itt_model_disable_push

2110013 : 0x65624c2f89ec : 2 : ittapi_config_apply_per_lib :  ITTAPI function NOT instrumented (not matched by --itt-config option): __itt_model_disable_pop

2110013 : 0x65624c2fb2af : 2 : ittapi_config_apply_per_lib :  ITTAPI function instrumented: __itt_heap_function_create
2110013 : 0x65624c2fbcbd : 2 : ittapi_config_apply_per_lib :  ITTAPI function instrumented: __itt_heap_allocate_begin
2110013 : 0x65624c2fc4fb : 2 : ittapi_config_apply_per_lib :  ITTAPI function instrumented: __itt_heap_allocate_end
2110013 : 0x65624c2fcd6d : 2 : ittapi_config_apply_per_lib :  ITTAPI function instrumented: __itt_heap_free_begin
2110013 : 0x65624c2fd42d : 2 : ittapi_config_apply_per_lib :  ITTAPI function instrumented: __itt_heap_free_end
2110013 : 0x65624c2fdb80 : 2 : ittapi_config_apply_per_lib :  ITTAPI function instrumented: __itt_heap_reallocate_begin
2110013 : 0x65624c2fe283 : 2 : ittapi_config_apply_per_lib :  ITTAPI function instrumented: __itt_heap_reallocate_end
2110013 : 0x65624c2fec92 : 2 : ittapi_config_apply_per_lib :  ITTAPI function not implemented: __itt_heap_internal_access_begin
2110013 : 0x65624c2ff616 : 2 : ittapi_config_apply_per_lib :  ITTAPI function not implemented: __itt_heap_internal_access_end
2110013 : 0x65624c2fffea : 2 : ittapi_config_apply_per_lib :  ITTAPI function not implemented: __itt_heap_record_memory_growth_begin
2110013 : 0x65624c303edf : 2 : ittapi_config_apply_per_lib :  ITTAPI function not implemented: __itt_heap_record_memory_growth_end
2110013 : 0x65624c304988 : 2 : ittapi_config_apply_per_lib :  ITTAPI function not implemented: __itt_id_create
2110013 : 0x65624c3052c7 : 2 : ittapi_config_apply_per_lib :  ITTAPI function not implemented: __itt_id_destroy
2110013 : 0x65624c305be3 : 2 : ittapi_config_apply_per_lib :  ITTAPI function not implemented: __itt_region_begin
2110013 : 0x65624c3065ab : 2 : ittapi_config_apply_per_lib :  ITTAPI function not implemented: __itt_region_end
2110013 : 0x65624c306d70 : 2 : ittapi_config_apply_per_lib :  ITTAPI function instrumented: __itt_frame_begin_v3
2110013 : 0x65624c307700 : 2 : ittapi_config_apply_per_lib :  ITTAPI function instrumented: __itt_frame_end_v3
2110013 : 0x65624c308054 : 2 : ittapi_config_apply_per_lib :  ITTAPI function not implemented: __itt_task_group
2110013 : 0x65624c308881 : 2 : ittapi_config_apply_per_lib :  ITTAPI function instrumented: __itt_task_begin
2110013 : 0x65624c309292 : 2 : ittapi_config_apply_per_lib :  ITTAPI function instrumented: __itt_task_begin_fn
2110013 : 0x65624c30bc45 : 2 : ittapi_config_apply_per_lib :  ITTAPI function instrumented: __itt_task_end
2110013 : 0x65624c30c4a0 : 2 : ittapi_config_apply_per_lib :  ITTAPI function NOT instrumented (not matched by --itt-config option): __itt_counter_inc_v3

2110013 : 0x65624c30cb3b : 2 : ittapi_config_apply_per_lib :  ITTAPI function NOT instrumented (not matched by --itt-config option): __itt_counter_inc_delta_v3

2110013 : 0x65624c30d437 : 2 : ittapi_config_apply_per_lib :  ITTAPI function not implemented: __itt_marker
2110013 : 0x65624c30dd65 : 2 : ittapi_config_apply_per_lib :  ITTAPI function instrumented: __itt_metadata_add
2110013 : 0x65624c30e78e : 2 : ittapi_config_apply_per_lib :  ITTAPI function not implemented: __itt_metadata_str_add
2110013 : 0x65624c30f1b8 : 2 : ittapi_config_apply_per_lib :  ITTAPI function not implemented: __itt_relation_add_to_current
2110013 : 0x65624c30fb01 : 2 : ittapi_config_apply_per_lib :  ITTAPI function not implemented: __itt_relation_add
2110013 : 0x65624c310348 : 2 : ittapi_config_apply_per_lib :  ITTAPI function instrumented: __itt_event_create
2110013 : 0x65624c31082b : 2 : ittapi_config_apply_per_lib :  ITTAPI function NOT instrumented (not matched by --itt-config option): __itt_event_start

2110013 : 0x65624c312bfc : 2 : ittapi_config_apply_per_lib :  ITTAPI function NOT instrumented (not matched by --itt-config option): __itt_event_end

2110013 : 0x65624c31321c : 2 : ittapi_config_apply_per_lib :  ITTAPI function NOT instrumented (not matched by --itt-config option): __itt_sync_set_name

2110013 : 0x65624c31381d : 2 : ittapi_config_apply_per_lib :  ITTAPI function NOT instrumented (not matched by --itt-config option): __itt_notify_sync_name

2110013 : 0x65624c313d57 : 2 : ittapi_config_apply_per_lib :  ITTAPI function NOT instrumented (not matched by --itt-config option): __itt_notify_sync_prepare

2110013 : 0x65624c314232 : 2 : ittapi_config_apply_per_lib :  ITTAPI function NOT instrumented (not matched by --itt-config option): __itt_notify_sync_cancel

2110013 : 0x65624c314724 : 2 : ittapi_config_apply_per_lib :  ITTAPI function NOT instrumented (not matched by --itt-config option): __itt_notify_sync_acquired

2110013 : 0x65624c314c0d : 2 : ittapi_config_apply_per_lib :  ITTAPI function NOT instrumented (not matched by --itt-config option): __itt_notify_sync_releasing

2110013 : 0x65624c3154ec : 2 : ittapi_config_apply_per_lib :  ITTAPI function not implemented: __itt_memory_read
2110013 : 0x65624c315e1a : 2 : ittapi_config_apply_per_lib :  ITTAPI function not implemented: __itt_memory_write
2110013 : 0x65624c316724 : 2 : ittapi_config_apply_per_lib :  ITTAPI function not implemented: __itt_memory_update
2110013 : 0x65624c318ea2 : 2 : ittapi_config_apply_per_lib :  ITTAPI function not implemented: __itt_state_get
2110013 : 0x65624c31a80b : 2 : ittapi_config_apply_per_lib :  ITTAPI function not implemented: __itt_state_set
2110013 : 0x65624c31b11b : 2 : ittapi_config_apply_per_lib :  ITTAPI function not implemented: __itt_obj_mode_set
2110013 : 0x65624c31ba15 : 2 : ittapi_config_apply_per_lib :  ITTAPI function not implemented: __itt_thr_mode_set
2110013 : 0x65624c31c15a : 2 : ittapi_config_apply_per_lib :  ITTAPI function instrumented: __itt_frame_create
2110013 : 0x65624c31c9c4 : 2 : ittapi_config_apply_per_lib :  ITTAPI function instrumented: __itt_frame_begin
2110013 : 0x65624c31d3cf : 2 : ittapi_config_apply_per_lib :  ITTAPI function instrumented: __itt_frame_end
2110013 : 0x65624c31dc69 : 2 : ittapi_config_apply_per_lib :  ITTAPI function instrumented: __itt_counter_create
2110013 : 0x65624c31e1d0 : 2 : ittapi_config_apply_per_lib :  ITTAPI function NOT instrumented (not matched by --itt-config option): __itt_counter_destroy

2110013 : 0x65624c31e774 : 2 : ittapi_config_apply_per_lib :  ITTAPI function NOT instrumented (not matched by --itt-config option): __itt_counter_inc

2110013 : 0x65624c322510 : 2 : ittapi_config_apply_per_lib :  ITTAPI function NOT instrumented (not matched by --itt-config option): __itt_counter_inc_delta

2110013 : 0x65624c322f4e : 2 : ittapi_config_apply_per_lib :  ITTAPI function not implemented: __itt_mark_create
2110013 : 0x65624c32393d : 2 : ittapi_config_apply_per_lib :  ITTAPI function not implemented: __itt_mark
2110013 : 0x65624c324309 : 2 : ittapi_config_apply_per_lib :  ITTAPI function not implemented: __itt_mark_off
2110013 : 0x65624c324bea : 2 : ittapi_config_apply_per_lib :  ITTAPI function not implemented: __itt_mark_global
2110013 : 0x65624c325529 : 2 : ittapi_config_apply_per_lib :  ITTAPI function not implemented: __itt_mark_global_off
2110013 : 0x65624c325efd : 2 : ittapi_config_apply_per_lib :  ITTAPI function instrumented: __itt_stack_caller_create
2110013 : 0x65624c32696e : 2 : ittapi_config_apply_per_lib :  ITTAPI function instrumented: __itt_stack_caller_destroy
2110013 : 0x65624c3271bf : 2 : ittapi_config_apply_per_lib :  ITTAPI function instrumented: __itt_stack_callee_enter
2110013 : 0x65624c327990 : 2 : ittapi_config_apply_per_lib :  ITTAPI function instrumented: __itt_stack_callee_leave
2110013 : 0x65624c32a9e0 : 2 : ittapi_config_apply_per_lib :  ITTAPI function not implemented: __itt_clock_domain_create
2110013 : 0x65624c32b653 : 2 : ittapi_config_apply_per_lib :  ITTAPI function not implemented: __itt_clock_domain_reset
2110013 : 0x65624c32bf3b : 2 : ittapi_config_apply_per_lib :  ITTAPI function not implemented: __itt_id_create_ex
2110013 : 0x65624c32c8c8 : 2 : ittapi_config_apply_per_lib :  ITTAPI function not implemented: __itt_id_destroy_ex
2110013 : 0x65624c32d639 : 2 : ittapi_config_apply_per_lib :  ITTAPI function not implemented: __itt_task_begin_ex
2110013 : 0x65624c32dfcd : 2 : ittapi_config_apply_per_lib :  ITTAPI function not implemented: __itt_task_begin_fn_ex
2110013 : 0x65624c32e942 : 2 : ittapi_config_apply_per_lib :  ITTAPI function not implemented: __itt_task_end_ex
2110013 : 0x65624c32f22f : 2 : ittapi_config_apply_per_lib :  ITTAPI function instrumented: __itt_task_begin_overlapped
2110013 : 0x65624c32fc06 : 2 : ittapi_config_apply_per_lib :  ITTAPI function not implemented: __itt_task_begin_overlapped_ex
2110013 : 0x65624c33041c : 2 : ittapi_config_apply_per_lib :  ITTAPI function instrumented: __itt_task_end_overlapped
2110013 : 0x65624c333fa1 : 2 : ittapi_config_apply_per_lib :  ITTAPI function not implemented: __itt_task_end_overlapped_ex
2110013 : 0x65624c334a1a : 2 : ittapi_config_apply_per_lib :  ITTAPI function not implemented: __itt_marker_ex
2110013 : 0x65624c3353a7 : 2 : ittapi_config_apply_per_lib :  ITTAPI function not implemented: __itt_metadata_add_with_scope
2110013 : 0x65624c335c8a : 2 : ittapi_config_apply_per_lib :  ITTAPI function not implemented: __itt_metadata_str_add_with_scope
2110013 : 0x65624c33653f : 2 : ittapi_config_apply_per_lib :  ITTAPI function not implemented: __itt_relation_add_to_current_ex
2110013 : 0x65624c336d8c : 2 : ittapi_config_apply_per_lib :  ITTAPI function not implemented: __itt_relation_add_ex
2110013 : 0x65624c337549 : 2 : ittapi_config_apply_per_lib :  ITTAPI function not implemented: __itt_track_group_create
2110013 : 0x65624c337c4a : 2 : ittapi_config_apply_per_lib :  ITTAPI function not implemented: __itt_track_create
2110013 : 0x65624c3384da : 2 : ittapi_config_apply_per_lib :  ITTAPI function not implemented: __itt_set_track
2110013 : 0x65624c338d5b : 2 : ittapi_config_apply_per_lib :  ITTAPI function instrumented: __itt_api_version
2110013 : 0x65624c33ce0e : 2 : ittapi_config_apply_per_lib :  ITTAPI function not implemented: __itt_av_save
2110013 : 0x65625c322d0e : 2 : ittapi_config_mask_get :  --itt-config mask to be applied: 21
2110013 : 0x65625c326925 : 2 : ittapi_config_apply_per_lib :  ITTAPI function instrumented: __itt_domain_create
2110013 : 0x65625c327986 : 2 : ittapi_config_apply_per_lib :  ITTAPI function instrumented: __itt_string_handle_create
2110013 : 0x65625c3288ec : 2 : ittapi_config_apply_per_lib :  ITTAPI function instrumented: __itt_pause
2110013 : 0x65625c3290a7 : 2 : ittapi_config_apply_per_lib :  ITTAPI function instrumented: __itt_resume
2110013 : 0x65625c32998a : 2 : ittapi_config_apply_per_lib :  ITTAPI function instrumented: __itt_thread_set_name
2110013 : 0x65625c32a383 : 2 : ittapi_config_apply_per_lib :  ITTAPI function instrumented: __itt_thread_ignore
2110013 : 0x65625c32af0c : 2 : ittapi_config_apply_per_lib :  ITTAPI function instrumented: __itt_thr_name_set
2110013 : 0x65625c32b680 : 2 : ittapi_config_apply_per_lib :  ITTAPI function instrumented: __itt_thr_ignore
2110013 : 0x65625c3394c1 : 2 : ittapi_config_apply_per_lib :  ITTAPI function NOT instrumented (not matched by --itt-config option): __itt_sync_create

2110013 : 0x65625c339f28 : 2 : ittapi_config_apply_per_lib :  ITTAPI function NOT instrumented (not matched by --itt-config option): __itt_sync_rename

2110013 : 0x65625c33a417 : 2 : ittapi_config_apply_per_lib :  ITTAPI function NOT instrumented (not matched by --itt-config option): __itt_sync_destroy

2110013 : 0x65625c33a990 : 2 : ittapi_config_apply_per_lib :  ITTAPI function NOT instrumented (not matched by --itt-config option): __itt_sync_prepare

2110013 : 0x65625c33b1a5 : 2 : ittapi_config_apply_per_lib :  ITTAPI function NOT instrumented (not matched by --itt-config option): __itt_sync_cancel

2110013 : 0x65625c33b5a5 : 2 : ittapi_config_apply_per_lib :  ITTAPI function NOT instrumented (not matched by --itt-config option): __itt_sync_acquired

2110013 : 0x65625c33bbc8 : 2 : ittapi_config_apply_per_lib :  ITTAPI function NOT instrumented (not matched by --itt-config option): __itt_sync_releasing

2110013 : 0x65625c33cd09 : 2 : ittapi_config_apply_per_lib :  ITTAPI function not implemented: __itt_suppress_push
2110013 : 0x65625c33da96 : 2 : ittapi_config_apply_per_lib :  ITTAPI function not implemented: __itt_suppress_pop
2110013 : 0x65625c33e3ef : 2 : ittapi_config_apply_per_lib :  ITTAPI function not implemented: __itt_suppress_mark_range
2110013 : 0x65625c3411ab : 2 : ittapi_config_apply_per_lib :  ITTAPI function not implemented: __itt_suppress_clear_range
2110013 : 0x65625c341737 : 2 : ittapi_config_apply_per_lib :  ITTAPI function NOT instrumented (not matched by --itt-config option): __itt_sync_prepare

2110013 : 0x65625c341c65 : 2 : ittapi_config_apply_per_lib :  ITTAPI function NOT instrumented (not matched by --itt-config option): __itt_sync_cancel

2110013 : 0x65625c3420a0 : 2 : ittapi_config_apply_per_lib :  ITTAPI function NOT instrumented (not matched by --itt-config option): __itt_sync_acquired

2110013 : 0x65625c34259b : 2 : ittapi_config_apply_per_lib :  ITTAPI function NOT instrumented (not matched by --itt-config option): __itt_sync_releasing

2110013 : 0x65625c342c36 : 2 : ittapi_config_apply_per_lib :  ITTAPI function NOT instrumented (not matched by --itt-config option): __itt_model_site_begin

2110013 : 0x65625c343169 : 2 : ittapi_config_apply_per_lib :  ITTAPI function NOT instrumented (not matched by --itt-config option): __itt_model_site_end

2110013 : 0x65625c343666 : 2 : ittapi_config_apply_per_lib :  ITTAPI function NOT instrumented (not matched by --itt-config option): __itt_model_task_begin

2110013 : 0x65625c343b84 : 2 : ittapi_config_apply_per_lib :  ITTAPI function NOT instrumented (not matched by --itt-config option): __itt_model_task_end

2110013 : 0x65625c343f8c : 2 : ittapi_config_apply_per_lib :  ITTAPI function NOT instrumented (not matched by --itt-config option): __itt_model_lock_acquire

2110013 : 0x65625c34fc81 : 2 : ittapi_config_apply_per_lib :  ITTAPI function NOT instrumented (not matched by --itt-config option): __itt_model_lock_release

2110013 : 0x65625c35029e : 2 : ittapi_config_apply_per_lib :  ITTAPI function NOT instrumented (not matched by --itt-config option): __itt_model_record_allocation

2110013 : 0x65625c3507df : 2 : ittapi_config_apply_per_lib :  ITTAPI function NOT instrumented (not matched by --itt-config option): __itt_model_record_deallocation

2110013 : 0x65625c350cc8 : 2 : ittapi_config_apply_per_lib :  ITTAPI function NOT instrumented (not matched by --itt-config option): __itt_model_induction_uses

2110013 : 0x65625c351328 : 2 : ittapi_config_apply_per_lib :  ITTAPI function NOT instrumented (not matched by --itt-config option): __itt_model_reduction_uses

2110013 : 0x65625c3518d6 : 2 : ittapi_config_apply_per_lib :  ITTAPI function NOT instrumented (not matched by --itt-config option): __itt_model_observe_uses

2110013 : 0x65625c351d66 : 2 : ittapi_config_apply_per_lib :  ITTAPI function NOT instrumented (not matched by --itt-config option): __itt_model_clear_uses

2110013 : 0x65625c35235b : 2 : ittapi_config_apply_per_lib :  ITTAPI function NOT instrumented (not matched by --itt-config option): __itt_model_site_beginA

2110013 : 0x65625c3528a6 : 2 : ittapi_config_apply_per_lib :  ITTAPI function NOT instrumented (not matched by --itt-config option): __itt_model_site_beginAL

2110013 : 0x65625c352c89 : 2 : ittapi_config_apply_per_lib :  ITTAPI function NOT instrumented (not matched by --itt-config option): __itt_model_task_beginA

2110013 : 0x65625c354d99 : 2 : ittapi_config_apply_per_lib :  ITTAPI function NOT instrumented (not matched by --itt-config option): __itt_model_task_beginAL

2110013 : 0x65625c3554c2 : 2 : ittapi_config_apply_per_lib :  ITTAPI function NOT instrumented (not matched by --itt-config option): __itt_model_iteration_taskA

2110013 : 0x65625c3559da : 2 : ittapi_config_apply_per_lib :  ITTAPI function NOT instrumented (not matched by --itt-config option): __itt_model_iteration_taskAL

2110013 : 0x65625c355f86 : 2 : ittapi_config_apply_per_lib :  ITTAPI function NOT instrumented (not matched by --itt-config option): __itt_model_site_end_2

2110013 : 0x65625c356532 : 2 : ittapi_config_apply_per_lib :  ITTAPI function NOT instrumented (not matched by --itt-config option): __itt_model_task_end_2

2110013 : 0x65625c356a1f : 2 : ittapi_config_apply_per_lib :  ITTAPI function NOT instrumented (not matched by --itt-config option): __itt_model_lock_acquire_2

2110013 : 0x65625c356e8f : 2 : ittapi_config_apply_per_lib :  ITTAPI function NOT instrumented (not matched by --itt-config option): __itt_model_lock_release_2

2110013 : 0x65625c357484 : 2 : ittapi_config_apply_per_lib :  ITTAPI function NOT instrumented (not matched by --itt-config option): __itt_model_aggregate_task

2110013 : 0x65625c357a05 : 2 : ittapi_config_apply_per_lib :  ITTAPI function NOT instrumented (not matched by --itt-config option): __itt_model_disable_push

2110013 : 0x65625c357ed2 : 2 : ittapi_config_apply_per_lib :  ITTAPI function NOT instrumented (not matched by --itt-config option): __itt_model_disable_pop

2110013 : 0x65625c35a043 : 2 : ittapi_config_apply_per_lib :  ITTAPI function instrumented: __itt_heap_function_create
2110013 : 0x65625c35a969 : 2 : ittapi_config_apply_per_lib :  ITTAPI function instrumented: __itt_heap_allocate_begin
2110013 : 0x65625c35b413 : 2 : ittapi_config_apply_per_lib :  ITTAPI function instrumented: __itt_heap_allocate_end
2110013 : 0x65625c35bb83 : 2 : ittapi_config_apply_per_lib :  ITTAPI function instrumented: __itt_heap_free_begin
2110013 : 0x65625c35c1a6 : 2 : ittapi_config_apply_per_lib :  ITTAPI function instrumented: __itt_heap_free_end
2110013 : 0x65625c35c7cc : 2 : ittapi_config_apply_per_lib :  ITTAPI function instrumented: __itt_heap_reallocate_begin
2110013 : 0x65625c35cdd1 : 2 : ittapi_config_apply_per_lib :  ITTAPI function instrumented: __itt_heap_reallocate_end
2110013 : 0x65625c35d738 : 2 : ittapi_config_apply_per_lib :  ITTAPI function not implemented: __itt_heap_internal_access_begin
2110013 : 0x65625c35dfe6 : 2 : ittapi_config_apply_per_lib :  ITTAPI function not implemented: __itt_heap_internal_access_end
2110013 : 0x65625c35e8e0 : 2 : ittapi_config_apply_per_lib :  ITTAPI function not implemented: __itt_heap_record_memory_growth_begin
2110013 : 0x65625c362202 : 2 : ittapi_config_apply_per_lib :  ITTAPI function not implemented: __itt_heap_record_memory_growth_end
2110013 : 0x65625c362cb6 : 2 : ittapi_config_apply_per_lib :  ITTAPI function not implemented: __itt_id_create
2110013 : 0x65625c36356c : 2 : ittapi_config_apply_per_lib :  ITTAPI function not implemented: __itt_id_destroy
2110013 : 0x65625c363cc8 : 2 : ittapi_config_apply_per_lib :  ITTAPI function not implemented: __itt_region_begin
2110013 : 0x65625c3645d8 : 2 : ittapi_config_apply_per_lib :  ITTAPI function not implemented: __itt_region_end
2110013 : 0x65625c364cce : 2 : ittapi_config_apply_per_lib :  ITTAPI function instrumented: __itt_frame_begin_v3
2110013 : 0x65625c3654ca : 2 : ittapi_config_apply_per_lib :  ITTAPI function instrumented: __itt_frame_end_v3
2110013 : 0x65625c365cdf : 2 : ittapi_config_apply_per_lib :  ITTAPI function not implemented: __itt_task_group
2110013 : 0x65625c366436 : 2 : ittapi_config_apply_per_lib :  ITTAPI function instrumented: __itt_task_begin
2110013 : 0x65625c366e1f : 2 : ittapi_config_apply_per_lib :  ITTAPI function instrumented: __itt_task_begin_fn
2110013 : 0x65625c3693cf : 2 : ittapi_config_apply_per_lib :  ITTAPI function instrumented: __itt_task_end
2110013 : 0x65625c369a79 : 2 : ittapi_config_apply_per_lib :  ITTAPI function NOT instrumented (not matched by --itt-config option): __itt_counter_inc_v3

2110013 : 0x65625c36a05b : 2 : ittapi_config_apply_per_lib :  ITTAPI function NOT instrumented (not matched by --itt-config option): __itt_counter_inc_delta_v3

2110013 : 0x65625c36a8aa : 2 : ittapi_config_apply_per_lib :  ITTAPI function not implemented: __itt_marker
2110013 : 0x65625c36b114 : 2 : ittapi_config_apply_per_lib :  ITTAPI function instrumented: __itt_metadata_add
2110013 : 0x65625c36b9f3 : 2 : ittapi_config_apply_per_lib :  ITTAPI function not implemented: __itt_metadata_str_add
2110013 : 0x65625c36c39b : 2 : ittapi_config_apply_per_lib :  ITTAPI function not implemented: __itt_relation_add_to_current
2110013 : 0x65625c36cbea : 2 : ittapi_config_apply_per_lib :  ITTAPI function not implemented: __itt_relation_add
2110013 : 0x65625c36d4f4 : 2 : ittapi_config_apply_per_lib :  ITTAPI function instrumented: __itt_event_create
2110013 : 0x65625c36d980 : 2 : ittapi_config_apply_per_lib :  ITTAPI function NOT instrumented (not matched by --itt-config option): __itt_event_start

2110013 : 0x65625c36fa4f : 2 : ittapi_config_apply_per_lib :  ITTAPI function NOT instrumented (not matched by --itt-config option): __itt_event_end

2110013 : 0x65625c37006e : 2 : ittapi_config_apply_per_lib :  ITTAPI function NOT instrumented (not matched by --itt-config option): __itt_sync_set_name

2110013 : 0x65625c3705df : 2 : ittapi_config_apply_per_lib :  ITTAPI function NOT instrumented (not matched by --itt-config option): __itt_notify_sync_name

2110013 : 0x65625c370adf : 2 : ittapi_config_apply_per_lib :  ITTAPI function NOT instrumented (not matched by --itt-config option): __itt_notify_sync_prepare

2110013 : 0x65625c370f69 : 2 : ittapi_config_apply_per_lib :  ITTAPI function NOT instrumented (not matched by --itt-config option): __itt_notify_sync_cancel

2110013 : 0x65625c3713f7 : 2 : ittapi_config_apply_per_lib :  ITTAPI function NOT instrumented (not matched by --itt-config option): __itt_notify_sync_acquired

2110013 : 0x65625c371801 : 2 : ittapi_config_apply_per_lib :  ITTAPI function NOT instrumented (not matched by --itt-config option): __itt_notify_sync_releasing

2110013 : 0x65625c371fe5 : 2 : ittapi_config_apply_per_lib :  ITTAPI function not implemented: __itt_memory_read
2110013 : 0x65625c3727f1 : 2 : ittapi_config_apply_per_lib :  ITTAPI function not implemented: __itt_memory_write
2110013 : 0x65625c373093 : 2 : ittapi_config_apply_per_lib :  ITTAPI function not implemented: __itt_memory_update
2110013 : 0x65625c376e45 : 2 : ittapi_config_apply_per_lib :  ITTAPI function not implemented: __itt_state_get
2110013 : 0x65625c3777b0 : 2 : ittapi_config_apply_per_lib :  ITTAPI function not implemented: __itt_state_set
2110013 : 0x65625c378002 : 2 : ittapi_config_apply_per_lib :  ITTAPI function not implemented: __itt_obj_mode_set
2110013 : 0x65625c37877c : 2 : ittapi_config_apply_per_lib :  ITTAPI function not implemented: __itt_thr_mode_set
2110013 : 0x65625c378d8b : 2 : ittapi_config_apply_per_lib :  ITTAPI function instrumented: __itt_frame_create
2110013 : 0x65625c379577 : 2 : ittapi_config_apply_per_lib :  ITTAPI function instrumented: __itt_frame_begin
2110013 : 0x65625c379c9c : 2 : ittapi_config_apply_per_lib :  ITTAPI function instrumented: __itt_frame_end
2110013 : 0x65625c37a3f0 : 2 : ittapi_config_apply_per_lib :  ITTAPI function instrumented: __itt_counter_create
2110013 : 0x65625c37a918 : 2 : ittapi_config_apply_per_lib :  ITTAPI function NOT instrumented (not matched by --itt-config option): __itt_counter_destroy

2110013 : 0x65625c37ad8f : 2 : ittapi_config_apply_per_lib :  ITTAPI function NOT instrumented (not matched by --itt-config option): __itt_counter_inc

2110013 : 0x65625c37d382 : 2 : ittapi_config_apply_per_lib :  ITTAPI function NOT instrumented (not matched by --itt-config option): __itt_counter_inc_delta

2110013 : 0x65625c37db3c : 2 : ittapi_config_apply_per_lib :  ITTAPI function not implemented: __itt_mark_create
2110013 : 0x65625c37e6fb : 2 : ittapi_config_apply_per_lib :  ITTAPI function not implemented: __itt_mark
2110013 : 0x65625c37efdc : 2 : ittapi_config_apply_per_lib :  ITTAPI function not implemented: __itt_mark_off
2110013 : 0x65625c37f703 : 2 : ittapi_config_apply_per_lib :  ITTAPI function not implemented: __itt_mark_global
2110013 : 0x65625c37fe69 : 2 : ittapi_config_apply_per_lib :  ITTAPI function not implemented: __itt_mark_global_off
2110013 : 0x65625c380657 : 2 : ittapi_config_apply_per_lib :  ITTAPI function instrumented: __itt_stack_caller_create
2110013 : 0x65625c380f1f : 2 : ittapi_config_apply_per_lib :  ITTAPI function instrumented: __itt_stack_caller_destroy
2110013 : 0x65625c3815df : 2 : ittapi_config_apply_per_lib :  ITTAPI function instrumented: __itt_stack_callee_enter
2110013 : 0x65625c381c99 : 2 : ittapi_config_apply_per_lib :  ITTAPI function instrumented: __itt_stack_callee_leave
2110013 : 0x65625c3841b9 : 2 : ittapi_config_apply_per_lib :  ITTAPI function not implemented: __itt_clock_domain_create
2110013 : 0x65625c384bf5 : 2 : ittapi_config_apply_per_lib :  ITTAPI function not implemented: __itt_clock_domain_reset
2110013 : 0x65625c385300 : 2 : ittapi_config_apply_per_lib :  ITTAPI function not implemented: __itt_id_create_ex
2110013 : 0x65625c385a27 : 2 : ittapi_config_apply_per_lib :  ITTAPI function not implemented: __itt_id_destroy_ex
2110013 : 0x65625c386568 : 2 : ittapi_config_apply_per_lib :  ITTAPI function not implemented: __itt_task_begin_ex
2110013 : 0x65625c386ce2 : 2 : ittapi_config_apply_per_lib :  ITTAPI function not implemented: __itt_task_begin_fn_ex
2110013 : 0x65625c38742c : 2 : ittapi_config_apply_per_lib :  ITTAPI function not implemented: __itt_task_end_ex
2110013 : 0x65625c387b28 : 2 : ittapi_config_apply_per_lib :  ITTAPI function instrumented: __itt_task_begin_overlapped
2110013 : 0x65625c388343 : 2 : ittapi_config_apply_per_lib :  ITTAPI function not implemented: __itt_task_begin_overlapped_ex
2110013 : 0x65625c388a37 : 2 : ittapi_config_apply_per_lib :  ITTAPI function instrumented: __itt_task_end_overlapped
2110013 : 0x65625c38c333 : 2 : ittapi_config_apply_per_lib :  ITTAPI function not implemented: __itt_task_end_overlapped_ex
2110013 : 0x65625c38cdbc : 2 : ittapi_config_apply_per_lib :  ITTAPI function not implemented: __itt_marker_ex
2110013 : 0x65625c38d563 : 2 : ittapi_config_apply_per_lib :  ITTAPI function not implemented: __itt_metadata_add_with_scope
2110013 : 0x65625c38ddf1 : 2 : ittapi_config_apply_per_lib :  ITTAPI function not implemented: __itt_metadata_str_add_with_scope
2110013 : 0x65625c38e592 : 2 : ittapi_config_apply_per_lib :  ITTAPI function not implemented: __itt_relation_add_to_current_ex
2110013 : 0x65625c38eccb : 2 : ittapi_config_apply_per_lib :  ITTAPI function not implemented: __itt_relation_add_ex
2110013 : 0x65625c38f3a3 : 2 : ittapi_config_apply_per_lib :  ITTAPI function not implemented: __itt_track_group_create
2110013 : 0x65625c38fa3e : 2 : ittapi_config_apply_per_lib :  ITTAPI function not implemented: __itt_track_create
2110013 : 0x65625c39025c : 2 : ittapi_config_apply_per_lib :  ITTAPI function not implemented: __itt_set_track
2110013 : 0x65625c3909c2 : 2 : ittapi_config_apply_per_lib :  ITTAPI function instrumented: __itt_api_version
2110013 : 0x65625c3932e7 : 2 : ittapi_config_apply_per_lib :  ITTAPI function not implemented: __itt_av_save
2110013 : 0x6562c24e40ab : 2 : ittapi_config_mask_get :  --itt-config mask to be applied: 21
2110013 : 0x6562c24e7d54 : 2 : ittapi_config_apply_per_lib :  ITTAPI function instrumented: __itt_domain_create
2110013 : 0x6562c24e8a84 : 2 : ittapi_config_apply_per_lib :  ITTAPI function instrumented: __itt_string_handle_create
2110013 : 0x6562c24e9767 : 2 : ittapi_config_apply_per_lib :  ITTAPI function instrumented: __itt_pause
2110013 : 0x6562c24e9f35 : 2 : ittapi_config_apply_per_lib :  ITTAPI function instrumented: __itt_resume
2110013 : 0x6562c24ea907 : 2 : ittapi_config_apply_per_lib :  ITTAPI function instrumented: __itt_thread_set_name
2110013 : 0x6562c24eb103 : 2 : ittapi_config_apply_per_lib :  ITTAPI function instrumented: __itt_thread_ignore
2110013 : 0x6562c24eb99d : 2 : ittapi_config_apply_per_lib :  ITTAPI function instrumented: __itt_thr_name_set
2110013 : 0x6562c24ec10d : 2 : ittapi_config_apply_per_lib :  ITTAPI function instrumented: __itt_thr_ignore
2110013 : 0x6562c2500504 : 2 : ittapi_config_apply_per_lib :  ITTAPI function NOT instrumented (not matched by --itt-config option): __itt_sync_create

2110013 : 0x6562c2501037 : 2 : ittapi_config_apply_per_lib :  ITTAPI function NOT instrumented (not matched by --itt-config option): __itt_sync_rename

2110013 : 0x6562c25014cf : 2 : ittapi_config_apply_per_lib :  ITTAPI function NOT instrumented (not matched by --itt-config option): __itt_sync_destroy

2110013 : 0x6562c25019f7 : 2 : ittapi_config_apply_per_lib :  ITTAPI function NOT instrumented (not matched by --itt-config option): __itt_sync_prepare

2110013 : 0x6562c2501f6a : 2 : ittapi_config_apply_per_lib :  ITTAPI function NOT instrumented (not matched by --itt-config option): __itt_sync_cancel

2110013 : 0x6562c250235e : 2 : ittapi_config_apply_per_lib :  ITTAPI function NOT instrumented (not matched by --itt-config option): __itt_sync_acquired

2110013 : 0x6562c2502969 : 2 : ittapi_config_apply_per_lib :  ITTAPI function NOT instrumented (not matched by --itt-config option): __itt_sync_releasing

2110013 : 0x6562c2503c80 : 2 : ittapi_config_apply_per_lib :  ITTAPI function not implemented: __itt_suppress_push
2110013 : 0x6562c2504a24 : 2 : ittapi_config_apply_per_lib :  ITTAPI function not implemented: __itt_suppress_pop
2110013 : 0x6562c25053ea : 2 : ittapi_config_apply_per_lib :  ITTAPI function not implemented: __itt_suppress_mark_range
2110013 : 0x6562c25082bc : 2 : ittapi_config_apply_per_lib :  ITTAPI function not implemented: __itt_suppress_clear_range
2110013 : 0x6562c2508883 : 2 : ittapi_config_apply_per_lib :  ITTAPI function NOT instrumented (not matched by --itt-config option): __itt_sync_prepare

2110013 : 0x6562c2508d74 : 2 : ittapi_config_apply_per_lib :  ITTAPI function NOT instrumented (not matched by --itt-config option): __itt_sync_cancel

2110013 : 0x6562c250915e : 2 : ittapi_config_apply_per_lib :  ITTAPI function NOT instrumented (not matched by --itt-config option): __itt_sync_acquired

2110013 : 0x6562c25095a9 : 2 : ittapi_config_apply_per_lib :  ITTAPI function NOT instrumented (not matched by --itt-config option): __itt_sync_releasing

2110013 : 0x6562c2509c52 : 2 : ittapi_config_apply_per_lib :  ITTAPI function NOT instrumented (not matched by --itt-config option): __itt_model_site_begin

2110013 : 0x6562c250a1d8 : 2 : ittapi_config_apply_per_lib :  ITTAPI function NOT instrumented (not matched by --itt-config option): __itt_model_site_end

2110013 : 0x6562c250a6df : 2 : ittapi_config_apply_per_lib :  ITTAPI function NOT instrumented (not matched by --itt-config option): __itt_model_task_begin

2110013 : 0x6562c250abfb : 2 : ittapi_config_apply_per_lib :  ITTAPI function NOT instrumented (not matched by --itt-config option): __itt_model_task_end

2110013 : 0x6562c250b05e : 2 : ittapi_config_apply_per_lib :  ITTAPI function NOT instrumented (not matched by --itt-config option): __itt_model_lock_acquire

2110013 : 0x6562c25175d9 : 2 : ittapi_config_apply_per_lib :  ITTAPI function NOT instrumented (not matched by --itt-config option): __itt_model_lock_release

2110013 : 0x6562c2517c3d : 2 : ittapi_config_apply_per_lib :  ITTAPI function NOT instrumented (not matched by --itt-config option): __itt_model_record_allocation

2110013 : 0x6562c251818e : 2 : ittapi_config_apply_per_lib :  ITTAPI function NOT instrumented (not matched by --itt-config option): __itt_model_record_deallocation

2110013 : 0x6562c2518692 : 2 : ittapi_config_apply_per_lib :  ITTAPI function NOT instrumented (not matched by --itt-config option): __itt_model_induction_uses

2110013 : 0x6562c2518d25 : 2 : ittapi_config_apply_per_lib :  ITTAPI function NOT instrumented (not matched by --itt-config option): __itt_model_reduction_uses

2110013 : 0x6562c2519210 : 2 : ittapi_config_apply_per_lib :  ITTAPI function NOT instrumented (not matched by --itt-config option): __itt_model_observe_uses

2110013 : 0x6562c251966b : 2 : ittapi_config_apply_per_lib :  ITTAPI function NOT instrumented (not matched by --itt-config option): __itt_model_clear_uses

2110013 : 0x6562c2519cda : 2 : ittapi_config_apply_per_lib :  ITTAPI function NOT instrumented (not matched by --itt-config option): __itt_model_site_beginA

2110013 : 0x6562c251a11d : 2 : ittapi_config_apply_per_lib :  ITTAPI function NOT instrumented (not matched by --itt-config option): __itt_model_site_beginAL

2110013 : 0x6562c251a508 : 2 : ittapi_config_apply_per_lib :  ITTAPI function NOT instrumented (not matched by --itt-config option): __itt_model_task_beginA

2110013 : 0x6562c251c767 : 2 : ittapi_config_apply_per_lib :  ITTAPI function NOT instrumented (not matched by --itt-config option): __itt_model_task_beginAL

2110013 : 0x6562c251cf6b : 2 : ittapi_config_apply_per_lib :  ITTAPI function NOT instrumented (not matched by --itt-config option): __itt_model_iteration_taskA

2110013 : 0x6562c251d499 : 2 : ittapi_config_apply_per_lib :  ITTAPI function NOT instrumented (not matched by --itt-config option): __itt_model_iteration_taskAL

2110013 : 0x6562c251da08 : 2 : ittapi_config_apply_per_lib :  ITTAPI function NOT instrumented (not matched by --itt-config option): __itt_model_site_end_2

2110013 : 0x6562c251df08 : 2 : ittapi_config_apply_per_lib :  ITTAPI function NOT instrumented (not matched by --itt-config option): __itt_model_task_end_2

2110013 : 0x6562c251e3f1 : 2 : ittapi_config_apply_per_lib :  ITTAPI function NOT instrumented (not matched by --itt-config option): __itt_model_lock_acquire_2

2110013 : 0x6562c251e852 : 2 : ittapi_config_apply_per_lib :  ITTAPI function NOT instrumented (not matched by --itt-config option): __itt_model_lock_release_2

2110013 : 0x6562c251f0a2 : 2 : ittapi_config_apply_per_lib :  ITTAPI function NOT instrumented (not matched by --itt-config option): __itt_model_aggregate_task

2110013 : 0x6562c251f604 : 2 : ittapi_config_apply_per_lib :  ITTAPI function NOT instrumented (not matched by --itt-config option): __itt_model_disable_push

2110013 : 0x6562c251fac7 : 2 : ittapi_config_apply_per_lib :  ITTAPI function NOT instrumented (not matched by --itt-config option): __itt_model_disable_pop

2110013 : 0x6562c2523248 : 2 : ittapi_config_apply_per_lib :  ITTAPI function instrumented: __itt_heap_function_create
2110013 : 0x6562c2523bfe : 2 : ittapi_config_apply_per_lib :  ITTAPI function instrumented: __itt_heap_allocate_begin
2110013 : 0x6562c25246f0 : 2 : ittapi_config_apply_per_lib :  ITTAPI function instrumented: __itt_heap_allocate_end
2110013 : 0x6562c2524e11 : 2 : ittapi_config_apply_per_lib :  ITTAPI function instrumented: __itt_heap_free_begin
2110013 : 0x6562c252548c : 2 : ittapi_config_apply_per_lib :  ITTAPI function instrumented: __itt_heap_free_end
2110013 : 0x6562c2525b11 : 2 : ittapi_config_apply_per_lib :  ITTAPI function instrumented: __itt_heap_reallocate_begin
2110013 : 0x6562c25261d5 : 2 : ittapi_config_apply_per_lib :  ITTAPI function instrumented: __itt_heap_reallocate_end
2110013 : 0x6562c2526b23 : 2 : ittapi_config_apply_per_lib :  ITTAPI function not implemented: __itt_heap_internal_access_begin
2110013 : 0x6562c2527466 : 2 : ittapi_config_apply_per_lib :  ITTAPI function not implemented: __itt_heap_internal_access_end
2110013 : 0x6562c2527e14 : 2 : ittapi_config_apply_per_lib :  ITTAPI function not implemented: __itt_heap_record_memory_growth_begin
2110013 : 0x6562c252a57a : 2 : ittapi_config_apply_per_lib :  ITTAPI function not implemented: __itt_heap_record_memory_growth_end
2110013 : 0x6562c252afda : 2 : ittapi_config_apply_per_lib :  ITTAPI function not implemented: __itt_id_create
2110013 : 0x6562c252b82b : 2 : ittapi_config_apply_per_lib :  ITTAPI function not implemented: __itt_id_destroy
2110013 : 0x6562c252bfea : 2 : ittapi_config_apply_per_lib :  ITTAPI function not implemented: __itt_region_begin
2110013 : 0x6562c252c91b : 2 : ittapi_config_apply_per_lib :  ITTAPI function not implemented: __itt_region_end
2110013 : 0x6562c252d04a : 2 : ittapi_config_apply_per_lib :  ITTAPI function instrumented: __itt_frame_begin_v3
2110013 : 0x6562c252d8be : 2 : ittapi_config_apply_per_lib :  ITTAPI function instrumented: __itt_frame_end_v3
2110013 : 0x6562c252e14c : 2 : ittapi_config_apply_per_lib :  ITTAPI function not implemented: __itt_task_group
2110013 : 0x6562c252e82e : 2 : ittapi_config_apply_per_lib :  ITTAPI function instrumented: __itt_task_begin
2110013 : 0x6562c252f53d : 2 : ittapi_config_apply_per_lib :  ITTAPI function instrumented: __itt_task_begin_fn
2110013 : 0x6562c2531d64 : 2 : ittapi_config_apply_per_lib :  ITTAPI function instrumented: __itt_task_end
2110013 : 0x6562c253245b : 2 : ittapi_config_apply_per_lib :  ITTAPI function NOT instrumented (not matched by --itt-config option): __itt_counter_inc_v3

2110013 : 0x6562c2532a39 : 2 : ittapi_config_apply_per_lib :  ITTAPI function NOT instrumented (not matched by --itt-config option): __itt_counter_inc_delta_v3

2110013 : 0x6562c25332e6 : 2 : ittapi_config_apply_per_lib :  ITTAPI function not implemented: __itt_marker
2110013 : 0x6562c2533aa7 : 2 : ittapi_config_apply_per_lib :  ITTAPI function instrumented: __itt_metadata_add
2110013 : 0x6562c2534414 : 2 : ittapi_config_apply_per_lib :  ITTAPI function not implemented: __itt_metadata_str_add
2110013 : 0x6562c2534d2a : 2 : ittapi_config_apply_per_lib :  ITTAPI function not implemented: __itt_relation_add_to_current
2110013 : 0x6562c2535554 : 2 : ittapi_config_apply_per_lib :  ITTAPI function not implemented: __itt_relation_add
2110013 : 0x6562c2535ce1 : 2 : ittapi_config_apply_per_lib :  ITTAPI function instrumented: __itt_event_create
2110013 : 0x6562c2536136 : 2 : ittapi_config_apply_per_lib :  ITTAPI function NOT instrumented (not matched by --itt-config option): __itt_event_start

2110013 : 0x6562c253809e : 2 : ittapi_config_apply_per_lib :  ITTAPI function NOT instrumented (not matched by --itt-config option): __itt_event_end

2110013 : 0x6562c253867b : 2 : ittapi_config_apply_per_lib :  ITTAPI function NOT instrumented (not matched by --itt-config option): __itt_sync_set_name

2110013 : 0x6562c2538c02 : 2 : ittapi_config_apply_per_lib :  ITTAPI function NOT instrumented (not matched by --itt-config option): __itt_notify_sync_name

2110013 : 0x6562c25390e7 : 2 : ittapi_config_apply_per_lib :  ITTAPI function NOT instrumented (not matched by --itt-config option): __itt_notify_sync_prepare

2110013 : 0x6562c2539571 : 2 : ittapi_config_apply_per_lib :  ITTAPI function NOT instrumented (not matched by --itt-config option): __itt_notify_sync_cancel

2110013 : 0x6562c2539ad0 : 2 : ittapi_config_apply_per_lib :  ITTAPI function NOT instrumented (not matched by --itt-config option): __itt_notify_sync_acquired

2110013 : 0x6562c2539f6a : 2 : ittapi_config_apply_per_lib :  ITTAPI function NOT instrumented (not matched by --itt-config option): __itt_notify_sync_releasing

2110013 : 0x6562c253a756 : 2 : ittapi_config_apply_per_lib :  ITTAPI function not implemented: __itt_memory_read
2110013 : 0x6562c253aef1 : 2 : ittapi_config_apply_per_lib :  ITTAPI function not implemented: __itt_memory_write
2110013 : 0x6562c253b7ba : 2 : ittapi_config_apply_per_lib :  ITTAPI function not implemented: __itt_memory_update
2110013 : 0x6562c253ef97 : 2 : ittapi_config_apply_per_lib :  ITTAPI function not implemented: __itt_state_get
2110013 : 0x6562c253f8ad : 2 : ittapi_config_apply_per_lib :  ITTAPI function not implemented: __itt_state_set
2110013 : 0x6562c25400de : 2 : ittapi_config_apply_per_lib :  ITTAPI function not implemented: __itt_obj_mode_set
2110013 : 0x6562c254083c : 2 : ittapi_config_apply_per_lib :  ITTAPI function not implemented: __itt_thr_mode_set
2110013 : 0x6562c2540dfc : 2 : ittapi_config_apply_per_lib :  ITTAPI function instrumented: __itt_frame_create
2110013 : 0x6562c254162f : 2 : ittapi_config_apply_per_lib :  ITTAPI function instrumented: __itt_frame_begin
2110013 : 0x6562c2541e16 : 2 : ittapi_config_apply_per_lib :  ITTAPI function instrumented: __itt_frame_end
2110013 : 0x6562c25426f4 : 2 : ittapi_config_apply_per_lib :  ITTAPI function instrumented: __itt_counter_create
2110013 : 0x6562c2542bf3 : 2 : ittapi_config_apply_per_lib :  ITTAPI function NOT instrumented (not matched by --itt-config option): __itt_counter_destroy

2110013 : 0x6562c2543111 : 2 : ittapi_config_apply_per_lib :  ITTAPI function NOT instrumented (not matched by --itt-config option): __itt_counter_inc

2110013 : 0x6562c25451d0 : 2 : ittapi_config_apply_per_lib :  ITTAPI function NOT instrumented (not matched by --itt-config option): __itt_counter_inc_delta

2110013 : 0x6562c25459ad : 2 : ittapi_config_apply_per_lib :  ITTAPI function not implemented: __itt_mark_create
2110013 : 0x6562c25461a3 : 2 : ittapi_config_apply_per_lib :  ITTAPI function not implemented: __itt_mark
2110013 : 0x6562c2546a68 : 2 : ittapi_config_apply_per_lib :  ITTAPI function not implemented: __itt_mark_off
2110013 : 0x6562c2547171 : 2 : ittapi_config_apply_per_lib :  ITTAPI function not implemented: __itt_mark_global
2110013 : 0x6562c2547853 : 2 : ittapi_config_apply_per_lib :  ITTAPI function not implemented: __itt_mark_global_off
2110013 : 0x6562c2547fbb : 2 : ittapi_config_apply_per_lib :  ITTAPI function instrumented: __itt_stack_caller_create
2110013 : 0x6562c25487fc : 2 : ittapi_config_apply_per_lib :  ITTAPI function instrumented: __itt_stack_caller_destroy
2110013 : 0x6562c254900e : 2 : ittapi_config_apply_per_lib :  ITTAPI function instrumented: __itt_stack_callee_enter
2110013 : 0x6562c2549693 : 2 : ittapi_config_apply_per_lib :  ITTAPI function instrumented: __itt_stack_callee_leave
2110013 : 0x6562c254ba1e : 2 : ittapi_config_apply_per_lib :  ITTAPI function not implemented: __itt_clock_domain_create
2110013 : 0x6562c254c443 : 2 : ittapi_config_apply_per_lib :  ITTAPI function not implemented: __itt_clock_domain_reset
2110013 : 0x6562c254cbb1 : 2 : ittapi_config_apply_per_lib :  ITTAPI function not implemented: __itt_id_create_ex
2110013 : 0x6562c254d356 : 2 : ittapi_config_apply_per_lib :  ITTAPI function not implemented: __itt_id_destroy_ex
2110013 : 0x6562c254dc19 : 2 : ittapi_config_apply_per_lib :  ITTAPI function not implemented: __itt_task_begin_ex
2110013 : 0x6562c254e3b6 : 2 : ittapi_config_apply_per_lib :  ITTAPI function not implemented: __itt_task_begin_fn_ex
2110013 : 0x6562c254eb9d : 2 : ittapi_config_apply_per_lib :  ITTAPI function not implemented: __itt_task_end_ex
2110013 : 0x6562c254f326 : 2 : ittapi_config_apply_per_lib :  ITTAPI function instrumented: __itt_task_begin_overlapped
2110013 : 0x6562c254fbba : 2 : ittapi_config_apply_per_lib :  ITTAPI function not implemented: __itt_task_begin_overlapped_ex
2110013 : 0x6562c25502d9 : 2 : ittapi_config_apply_per_lib :  ITTAPI function instrumented: __itt_task_end_overlapped
2110013 : 0x6562c25537e3 : 2 : ittapi_config_apply_per_lib :  ITTAPI function not implemented: __itt_task_end_overlapped_ex
2110013 : 0x6562c2554239 : 2 : ittapi_config_apply_per_lib :  ITTAPI function not implemented: __itt_marker_ex
2110013 : 0x6562c2554afe : 2 : ittapi_config_apply_per_lib :  ITTAPI function not implemented: __itt_metadata_add_with_scope
2110013 : 0x6562c2555349 : 2 : ittapi_config_apply_per_lib :  ITTAPI function not implemented: __itt_metadata_str_add_with_scope
2110013 : 0x6562c2555b0c : 2 : ittapi_config_apply_per_lib :  ITTAPI function not implemented: __itt_relation_add_to_current_ex
2110013 : 0x6562c25562e1 : 2 : ittapi_config_apply_per_lib :  ITTAPI function not implemented: __itt_relation_add_ex
2110013 : 0x6562c2556aaf : 2 : ittapi_config_apply_per_lib :  ITTAPI function not implemented: __itt_track_group_create
2110013 : 0x6562c25570ef : 2 : ittapi_config_apply_per_lib :  ITTAPI function not implemented: __itt_track_create
2110013 : 0x6562c25578e7 : 2 : ittapi_config_apply_per_lib :  ITTAPI function not implemented: __itt_set_track
2110013 : 0x6562c255812a : 2 : ittapi_config_apply_per_lib :  ITTAPI function instrumented: __itt_api_version
2110013 : 0x6562c255a550 : 2 : ittapi_config_apply_per_lib :  ITTAPI function not implemented: __itt_av_save