
25442 : 0x104a6a64016 : 1 : spill_jit_data :  Jit agent is not initialized
25425 : 0x104a6a68f78 : 2 : ittapi_config_mask_get :  --itt-config mask to be applied: 21
25425 : 0x104a6a6bec4 : 2 : ittapi_config_apply_per_lib :  ITTAPI function instrumented: __itt_domain_create
25425 : 0x104a6a6cc9d : 2 : ittapi_config_apply_per_lib :  ITTAPI function instrumented: __itt_string_handle_create
25425 : 0x104a6a6d8ab : 2 : ittapi_config_apply_per_lib :  ITTAPI function instrumented: __itt_pause
25425 : 0x104a6a6e98a : 2 : ittapi_config_apply_per_lib :  ITTAPI function instrumented: __itt_resume
25425 : 0x104a6a6f4a7 : 2 : ittapi_config_apply_per_lib :  ITTAPI function instrumented: __itt_thread_set_name
25425 : 0x104a6a6fed3 : 2 : ittapi_config_apply_per_lib :  ITTAPI function instrumented: __itt_thread_ignore
25425 : 0x104a6a708a5 : 2 : ittapi_config_apply_per_lib :  ITTAPI function instrumented: __itt_thr_name_set
25425 : 0x104a6a71379 : 2 : ittapi_config_apply_per_lib :  ITTAPI function instrumented: __itt_thr_ignore
25425 : 0x104a6a7bcef : 2 : ittapi_config_apply_per_lib :  ITTAPI function NOT instrumented (not matched by --itt-config option): __itt_sync_create

25425 : 0x104a6a7c5e9 : 2 : ittapi_config_apply_per_lib :  ITTAPI function NOT instrumented (not matched by --itt-config option): __itt_sync_rename

25425 : 0x104a6a7ca7d : 2 : ittapi_config_apply_per_lib :  ITTAPI function NOT instrumented (not matched by --itt-config option): __itt_sync_destroy

25425 : 0x104a6a7d010 : 2 : ittapi_config_apply_per_lib :  ITTAPI function NOT instrumented (not matched by --itt-config option): __itt_sync_prepare

25425 : 0x104a6a7d547 : 2 : ittapi_config_apply_per_lib :  ITTAPI function NOT instrumented (not matched by --itt-config option): __itt_sync_cancel

25425 : 0x104a6a7d91e : 2 : ittapi_config_apply_per_lib :  ITTAPI function NOT instrumented (not matched by --itt-config option): __itt_sync_acquired

25425 : 0x104a6a7deda : 2 : ittapi_config_apply_per_lib :  ITTAPI function NOT instrumented (not matched by --itt-config option): __itt_sync_releasing

25425 : 0x104a6a7f097 : 2 : ittapi_config_apply_per_lib :  ITTAPI function not implemented: __itt_suppress_push
25425 : 0x104a6a7fff0 : 2 : ittapi_config_apply_per_lib :  ITTAPI function not implemented: __itt_suppress_pop
25425 : 0x104a6a809a8 : 2 : ittapi_config_apply_per_lib :  ITTAPI function not implemented: __itt_suppress_mark_range
25425 : 0x104a6a837c6 : 2 : ittapi_config_apply_per_lib :  ITTAPI function not implemented: __itt_suppress_clear_range
25425 : 0x104a6a83d82 : 2 : ittapi_config_apply_per_lib :  ITTAPI function NOT instrumented (not matched by --itt-config option): __itt_sync_prepare

25425 : 0x104a6a84261 : 2 : ittapi_config_apply_per_lib :  ITTAPI function NOT instrumented (not matched by --itt-config option): __itt_sync_cancel

25425 : 0x104a6a84641 : 2 : ittapi_config_apply_per_lib :  ITTAPI function NOT instrumented (not matched by --itt-config option): __itt_sync_acquired

25425 : 0x104a6a84aa2 : 2 : ittapi_config_apply_per_lib :  ITTAPI function NOT instrumented (not matched by --itt-config option): __itt_sync_releasing

25425 : 0x104a6a85103 : 2 : ittapi_config_apply_per_lib :  ITTAPI function NOT instrumented (not matched by --itt-config option): __itt_model_site_begin

25425 : 0x104a6a85668 : 2 : ittapi_config_apply_per_lib :  ITTAPI function NOT instrumented (not matched by --itt-config option): __itt_model_site_end

25425 : 0x104a6a85b47 : 2 : ittapi_config_apply_per_lib :  ITTAPI function NOT instrumented (not matched by --itt-config option): __itt_model_task_begin

25425 : 0x104a6a86061 : 2 : ittapi_config_apply_per_lib :  ITTAPI function NOT instrumented (not matched by --itt-config option): __itt_model_task_end

25425 : 0x104a6a86456 : 2 : ittapi_config_apply_per_lib :  ITTAPI function NOT instrumented (not matched by --itt-config option): __itt_model_lock_acquire

25425 : 0x104a6a885f6 : 2 : ittapi_config_apply_per_lib :  ITTAPI function NOT instrumented (not matched by --itt-config option): __itt_model_lock_release

25425 : 0x104a6a88bbb : 2 : ittapi_config_apply_per_lib :  ITTAPI function NOT instrumented (not matched by --itt-config option): __itt_model_record_allocation

25425 : 0x104a6a8912c : 2 : ittapi_config_apply_per_lib :  ITTAPI function NOT instrumented (not matched by --itt-config option): __itt_model_record_deallocation

25425 : 0x104a6a895c8 : 2 : ittapi_config_apply_per_lib :  ITTAPI function NOT instrumented (not matched by --itt-config option): __itt_model_induction_uses

25425 : 0x104a6a89c3c : 2 : ittapi_config_apply_per_lib :  ITTAPI function NOT instrumented (not matched by --itt-config option): __itt_model_reduction_uses

25425 : 0x104a6a8a193 : 2 : ittapi_config_apply_per_lib :  ITTAPI function NOT instrumented (not matched by --itt-config option): __itt_model_observe_uses

25425 : 0x104a6a8a615 : 2 : ittapi_config_apply_per_lib :  ITTAPI function NOT instrumented (not matched by --itt-config option): __itt_model_clear_uses

25425 : 0x104a6a8ac04 : 2 : ittapi_config_apply_per_lib :  ITTAPI function NOT instrumented (not matched by --itt-config option): __itt_model_site_beginA

25425 : 0x104a6a8b018 : 2 : ittapi_config_apply_per_lib :  ITTAPI function NOT instrumented (not matched by --itt-config option): __itt_model_site_beginAL

25425 : 0x104a6a8b3ea : 2 : ittapi_config_apply_per_lib :  ITTAPI function NOT instrumented (not matched by --itt-config option): __itt_model_task_beginA

25425 : 0x104a6a8ef5e : 2 : ittapi_config_apply_per_lib :  ITTAPI function NOT instrumented (not matched by --itt-config option): __itt_model_task_beginAL

25425 : 0x104a6a8f721 : 2 : ittapi_config_apply_per_lib :  ITTAPI function NOT instrumented (not matched by --itt-config option): __itt_model_iteration_taskA

25425 : 0x104a6a8fca1 : 2 : ittapi_config_apply_per_lib :  ITTAPI function NOT instrumented (not matched by --itt-config option): __itt_model_iteration_taskAL

25425 : 0x104a6a901e9 : 2 : ittapi_config_apply_per_lib :  ITTAPI function NOT instrumented (not matched by --itt-config option): __itt_model_site_end_2

25425 : 0x104a6a90740 : 2 : ittapi_config_apply_per_lib :  ITTAPI function NOT instrumented (not matched by --itt-config option): __itt_model_task_end_2

25425 : 0x104a6a90c07 : 2 : ittapi_config_apply_per_lib :  ITTAPI function NOT instrumented (not matched by --itt-config option): __itt_model_lock_acquire_2

25425 : 0x104a6a91099 : 2 : ittapi_config_apply_per_lib :  ITTAPI function NOT instrumented (not matched by --itt-config option): __itt_model_lock_release_2

25425 : 0x104a6a917d8 : 2 : ittapi_config_apply_per_lib :  ITTAPI function NOT instrumented (not matched by --itt-config option): __itt_model_aggregate_task

25425 : 0x104a6a91d41 : 2 : ittapi_config_apply_per_lib :  ITTAPI function NOT instrumented (not matched by --itt-config option): __itt_model_disable_push

25425 : 0x104a6a921df : 2 : ittapi_config_apply_per_lib :  ITTAPI function NOT instrumented (not matched by --itt-config option): __itt_model_disable_pop

25425 : 0x104a6a9467c : 2 : ittapi_config_apply_per_lib :  ITTAPI function instrumented: __itt_heap_function_create
25425 : 0x104a6a94f03 : 2 : ittapi_config_apply_per_lib :  ITTAPI function instrumented: __itt_heap_allocate_begin
25425 : 0x104a6a955d1 : 2 : ittapi_config_apply_per_lib :  ITTAPI function instrumented: __itt_heap_allocate_end
25425 : 0x104a6a95cfe : 2 : ittapi_config_apply_per_lib :  ITTAPI function instrumented: __itt_heap_free_begin
25425 : 0x104a6a96361 : 2 : ittapi_config_apply_per_lib :  ITTAPI function instrumented: __itt_heap_free_end
25425 : 0x104a6a969dc : 2 : ittapi_config_apply_per_lib :  ITTAPI function instrumented: __itt_heap_reallocate_begin
25425 : 0x104a6a96fc2 : 2 : ittapi_config_apply_per_lib :  ITTAPI function instrumented: __itt_heap_reallocate_end
25425 : 0x104a6a978b2 : 2 : ittapi_config_apply_per_lib :  ITTAPI function not implemented: __itt_heap_internal_access_begin
25425 : 0x104a6a981d0 : 2 : ittapi_config_apply_per_lib :  ITTAPI function not implemented: __itt_heap_internal_access_end
25425 : 0x104a6a98b08 : 2 : ittapi_config_apply_per_lib :  ITTAPI function not implemented: __itt_heap_record_memory_growth_begin
25425 : 0x104a6a9c13e : 2 : ittapi_config_apply_per_lib :  ITTAPI function not implemented: __itt_heap_record_memory_growth_end
25425 : 0x104a6a9cbcf : 2 : ittapi_config_apply_per_lib :  ITTAPI function not implemented: __itt_id_create
25425 : 0x104a6a9d43b : 2 : ittapi_config_apply_per_lib :  ITTAPI function not implemented: __itt_id_destroy
25425 : 0x104a6a9dbe1 : 2 : ittapi_config_apply_per_lib :  ITTAPI function not implemented: __itt_region_begin
25425 : 0x104a6a9e437 : 2 : ittapi_config_apply_per_lib :  ITTAPI function not implemented: __itt_region_end
25425 : 0x104a6a9eb1d : 2 : ittapi_config_apply_per_lib :  ITTAPI function instrumented: __itt_frame_begin_v3
25425 : 0x104a6a9f2e2 : 2 : ittapi_config_apply_per_lib :  ITTAPI function instrumented: __itt_frame_end_v3
25425 : 0x104a6a9fb5e : 2 : ittapi_config_apply_per_lib :  ITTAPI function not implemented: __itt_task_group
25425 : 0x104a6aa0319 : 2 : ittapi_config_apply_per_lib :  ITTAPI function instrumented: __itt_task_begin
25425 : 0x104a6aa0cab : 2 : ittapi_config_apply_per_lib :  ITTAPI function instrumented: __itt_task_begin_fn
25425 : 0x104a6aa3206 : 2 : ittapi_config_apply_per_lib :  ITTAPI function instrumented: __itt_task_end
25425 : 0x104a6aa3884 : 2 : ittapi_config_apply_per_lib :  ITTAPI function NOT instrumented (not matched by --itt-config option): __itt_counter_inc_v3

25425 : 0x104a6aa3e94 : 2 : ittapi_config_apply_per_lib :  ITTAPI function NOT instrumented (not matched by --itt-config option): __itt_counter_inc_delta_v3

25425 : 0x104a6aa46a0 : 2 : ittapi_config_apply_per_lib :  ITTAPI function not implemented: __itt_marker
25425 : 0x104a6aa4e41 : 2 : ittapi_config_apply_per_lib :  ITTAPI function instrumented: __itt_metadata_add
25425 : 0x104a6aa56b8 : 2 : ittapi_config_apply_per_lib :  ITTAPI function not implemented: __itt_metadata_str_add
25425 : 0x104a6aa5fa8 : 2 : ittapi_config_apply_per_lib :  ITTAPI function not implemented: __itt_relation_add_to_current
25425 : 0x104a6aa67a8 : 2 : ittapi_config_apply_per_lib :  ITTAPI function not implemented: __itt_relation_add
25425 : 0x104a6aa6fcc : 2 : ittapi_config_apply_per_lib :  ITTAPI function instrumented: __itt_event_create
25425 : 0x104a6aa743c : 2 : ittapi_config_apply_per_lib :  ITTAPI function NOT instrumented (not matched by --itt-config option): __itt_event_start

25425 : 0x104a6aa95fa : 2 : ittapi_config_apply_per_lib :  ITTAPI function NOT instrumented (not matched by --itt-config option): __itt_event_end

25425 : 0x104a6aa9b75 : 2 : ittapi_config_apply_per_lib :  ITTAPI function NOT instrumented (not matched by --itt-config option): __itt_sync_set_name

25425 : 0x104a6aaa099 : 2 : ittapi_config_apply_per_lib :  ITTAPI function NOT instrumented (not matched by --itt-config option): __itt_notify_sync_name

25425 : 0x104a6aaa529 : 2 : ittapi_config_apply_per_lib :  ITTAPI function NOT instrumented (not matched by --itt-config option): __itt_notify_sync_prepare

25425 : 0x104a6aaa976 : 2 : ittapi_config_apply_per_lib :  ITTAPI function NOT instrumented (not matched by --itt-config option): __itt_notify_sync_cancel

25425 : 0x104a6aaae0c : 2 : ittapi_config_apply_per_lib :  ITTAPI function NOT instrumented (not matched by --itt-config option): __itt_notify_sync_acquired

25425 : 0x104a6aab26e : 2 : ittapi_config_apply_per_lib :  ITTAPI function NOT instrumented (not matched by --itt-config option): __itt_notify_sync_releasing

25425 : 0x104a6aab9cc : 2 : ittapi_config_apply_per_lib :  ITTAPI function not implemented: __itt_memory_read
25425 : 0x104a6aac20f : 2 : ittapi_config_apply_per_lib :  ITTAPI function not implemented: __itt_memory_write
25425 : 0x104a6aaca58 : 2 : ittapi_config_apply_per_lib :  ITTAPI function not implemented: __itt_memory_update
25425 : 0x104a6aaede2 : 2 : ittapi_config_apply_per_lib :  ITTAPI function not implemented: __itt_state_get
25425 : 0x104a6aaf766 : 2 : ittapi_config_apply_per_lib :  ITTAPI function not implemented: __itt_state_set
25425 : 0x104a6aaff2b : 2 : ittapi_config_apply_per_lib :  ITTAPI function not implemented: __itt_obj_mode_set
25425 : 0x104a6ab069f : 2 : ittapi_config_apply_per_lib :  ITTAPI function not implemented: __itt_thr_mode_set
25425 : 0x104a6ab0c7a : 2 : ittapi_config_apply_per_lib :  ITTAPI function instrumented: __itt_frame_create
25425 : 0x104a6ab137e : 2 : ittapi_config_apply_per_lib :  ITTAPI function instrumented: __itt_frame_begin
25425 : 0x104a6ab1aab : 2 : ittapi_config_apply_per_lib :  ITTAPI function instrumented: __itt_frame_end
25425 : 0x104a6ab21e3 : 2 : ittapi_config_apply_per_lib :  ITTAPI function instrumented: __itt_counter_create
25425 : 0x104a6ab26b6 : 2 : ittapi_config_apply_per_lib :  ITTAPI function NOT instrumented (not matched by --itt-config option): __itt_counter_destroy

25425 : 0x104a6ab2b5a : 2 : ittapi_config_apply_per_lib :  ITTAPI function NOT instrumented (not matched by --itt-config option): __itt_counter_inc

25425 : 0x104a6ab5c88 : 2 : ittapi_config_apply_per_lib :  ITTAPI function NOT instrumented (not matched by --itt-config option): __itt_counter_inc_delta

25425 : 0x104a6ab6482 : 2 : ittapi_config_apply_per_lib :  ITTAPI function not implemented: __itt_mark_create
25425 : 0x104a6ab6bf6 : 2 : ittapi_config_apply_per_lib :  ITTAPI function not implemented: __itt_mark
25425 : 0x104a6ab73b8 : 2 : ittapi_config_apply_per_lib :  ITTAPI function not implemented: __itt_mark_off
25425 : 0x104a6ab7a55 : 2 : ittapi_config_apply_per_lib :  ITTAPI function not implemented: __itt_mark_global
25425 : 0x104a6ab8106 : 2 : ittapi_config_apply_per_lib :  ITTAPI function not implemented: __itt_mark_global_off
25425 : 0x104a6ab88e0 : 2 : ittapi_config_apply_per_lib :  ITTAPI function instrumented: __itt_stack_caller_create
25425 : 0x104a6ab90a7 : 2 : ittapi_config_apply_per_lib :  ITTAPI function instrumented: __itt_stack_caller_destroy
25425 : 0x104a6ab975b : 2 : ittapi_config_apply_per_lib :  ITTAPI function instrumented: __itt_stack_callee_enter
25425 : 0x104a6ab9d7e : 2 : ittapi_config_apply_per_lib :  ITTAPI function instrumented: __itt_stack_callee_leave
25425 : 0x104a6abc058 : 2 : ittapi_config_apply_per_lib :  ITTAPI function not implemented: __itt_clock_domain_create
25425 : 0x104a6abcaf6 : 2 : ittapi_config_apply_per_lib :  ITTAPI function not implemented: __itt_clock_domain_reset
25425 : 0x104a6abd2e7 : 2 : ittapi_config_apply_per_lib :  ITTAPI function not implemented: __itt_id_create_ex
25425 : 0x104a6abdaf2 : 2 : ittapi_config_apply_per_lib :  ITTAPI function not implemented: __itt_id_destroy_ex
25425 : 0x104a6abe43a : 2 : ittapi_config_apply_per_lib :  ITTAPI function not implemented: __itt_task_begin_ex
25425 : 0x104a6abeb96 : 2 : ittapi_config_apply_per_lib :  ITTAPI function not implemented: __itt_task_begin_fn_ex
25425 : 0x104a6abf31e : 2 : ittapi_config_apply_per_lib :  ITTAPI function not implemented: __itt_task_end_ex
25425 : 0x104a6abfa3b : 2 : ittapi_config_apply_per_lib :  ITTAPI function instrumented: __itt_task_begin_overlapped
25425 : 0x104a6ac0225 : 2 : ittapi_config_apply_per_lib :  ITTAPI function not implemented: __itt_task_begin_overlapped_ex
25425 : 0x104a6ac08d9 : 2 : ittapi_config_apply_per_lib :  ITTAPI function instrumented: __itt_task_end_overlapped
25425 : 0x104a6ac2bfc : 2 : ittapi_config_apply_per_lib :  ITTAPI function not implemented: __itt_task_end_overlapped_ex
25425 : 0x104a6ac3666 : 2 : ittapi_config_apply_per_lib :  ITTAPI function not implemented: __itt_marker_ex
25425 : 0x104a6ac3ec6 : 2 : ittapi_config_apply_per_lib :  ITTAPI function not implemented: __itt_metadata_add_with_scope
25425 : 0x104a6ac470d : 2 : ittapi_config_apply_per_lib :  ITTAPI function not implemented: __itt_metadata_str_add_with_scope
25425 : 0x104a6ac4eba : 2 : ittapi_config_apply_per_lib :  ITTAPI function not implemented: __itt_relation_add_to_current_ex
25425 : 0x104a6ac55be : 2 : ittapi_config_apply_per_lib :  ITTAPI function not implemented: __itt_relation_add_ex
25425 : 0x104a6ac5ca4 : 2 : ittapi_config_apply_per_lib :  ITTAPI function not implemented: __itt_track_group_create
25425 : 0x104a6ac62e8 : 2 : ittapi_config_apply_per_lib :  ITTAPI function not implemented: __itt_track_create
25425 : 0x104a6ac6ac6 : 2 : ittapi_config_apply_per_lib :  ITTAPI function not implemented: __itt_set_track
25425 : 0x104a6ac7242 : 2 : ittapi_config_apply_per_lib :  ITTAPI function instrumented: __itt_api_version
25425 : 0x104a6acaa2a : 2 : ittapi_config_apply_per_lib :  ITTAPI function not implemented: __itt_av_save
25425 : 0x104b73d5291 : 2 : ittapi_config_mask_get :  --itt-config mask to be applied: 21
25425 : 0x104b73d8f71 : 2 : ittapi_config_apply_per_lib :  ITTAPI function instrumented: __itt_domain_create
25425 : 0x104b73d9f6b : 2 : ittapi_config_apply_per_lib :  ITTAPI function instrumented: __itt_string_handle_create
25425 : 0x104b73da9c7 : 2 : ittapi_config_apply_per_lib :  ITTAPI function instrumented: __itt_pause
25425 : 0x104b73db1dc : 2 : ittapi_config_apply_per_lib :  ITTAPI function instrumented: __itt_resume
25425 : 0x104b73dbba6 : 2 : ittapi_config_apply_per_lib :  ITTAPI function instrumented: __itt_thread_set_name
25425 : 0x104b73dc355 : 2 : ittapi_config_apply_per_lib :  ITTAPI function instrumented: __itt_thread_ignore
25425 : 0x104b73dcc18 : 2 : ittapi_config_apply_per_lib :  ITTAPI function instrumented: __itt_thr_name_set
25425 : 0x104b73dd371 : 2 : ittapi_config_apply_per_lib :  ITTAPI function instrumented: __itt_thr_ignore
25425 : 0x104b73ea620 : 2 : ittapi_config_apply_per_lib :  ITTAPI function NOT instrumented (not matched by --itt-config option): __itt_sync_create

25425 : 0x104b73eaf01 : 2 : ittapi_config_apply_per_lib :  ITTAPI function NOT instrumented (not matched by --itt-config option): __itt_sync_rename

25425 : 0x104b73eb3b8 : 2 : ittapi_config_apply_per_lib :  ITTAPI function NOT instrumented (not matched by --itt-config option): __itt_sync_destroy

25425 : 0x104b73eb9c7 : 2 : ittapi_config_apply_per_lib :  ITTAPI function NOT instrumented (not matched by --itt-config option): __itt_sync_prepare

25425 : 0x104b73ebf2a : 2 : ittapi_config_apply_per_lib :  ITTAPI function NOT instrumented (not matched by --itt-config option): __itt_sync_cancel

25425 : 0x104b73ec3b4 : 2 : ittapi_config_apply_per_lib :  ITTAPI function NOT instrumented (not matched by --itt-config option): __itt_sync_acquired

25425 : 0x104b73ec9bf : 2 : ittapi_config_apply_per_lib :  ITTAPI function NOT instrumented (not matched by --itt-config option): __itt_sync_releasing

25425 : 0x104b73edcc6 : 2 : ittapi_config_apply_per_lib :  ITTAPI function not implemented: __itt_suppress_push
25425 : 0x104b73ef09b : 2 : ittapi_config_apply_per_lib :  ITTAPI function not implemented: __itt_suppress_pop
25425 : 0x104b73efbaa : 2 : ittapi_config_apply_per_lib :  ITTAPI function not implemented: __itt_suppress_mark_range
25425 : 0x104b73f272d : 2 : ittapi_config_apply_per_lib :  ITTAPI function not implemented: __itt_suppress_clear_range
25425 : 0x104b73f2d11 : 2 : ittapi_config_apply_per_lib :  ITTAPI function NOT instrumented (not matched by --itt-config option): __itt_sync_prepare

25425 : 0x104b73f31ce : 2 : ittapi_config_apply_per_lib :  ITTAPI function NOT instrumented (not matched by --itt-config option): __itt_sync_cancel

25425 : 0x104b73f35d0 : 2 : ittapi_config_apply_per_lib :  ITTAPI function NOT instrumented (not matched by --itt-config option): __itt_sync_acquired

25425 : 0x104b73f3a33 : 2 : ittapi_config_apply_per_lib :  ITTAPI function NOT instrumented (not matched by --itt-config option): __itt_sync_releasing

25425 : 0x104b73f413a : 2 : ittapi_config_apply_per_lib :  ITTAPI function NOT instrumented (not matched by --itt-config option): __itt_model_site_begin

25425 : 0x104b73f46f0 : 2 : ittapi_config_apply_per_lib :  ITTAPI function NOT instrumented (not matched by --itt-config option): __itt_model_site_end

25425 : 0x104b73f4c1e : 2 : ittapi_config_apply_per_lib :  ITTAPI function NOT instrumented (not matched by --itt-config option): __itt_model_task_begin

25425 : 0x104b73f511a : 2 : ittapi_config_apply_per_lib :  ITTAPI function NOT instrumented (not matched by --itt-config option): __itt_model_task_end

25425 : 0x104b73f5510 : 2 : ittapi_config_apply_per_lib :  ITTAPI function NOT instrumented (not matched by --itt-config option): __itt_model_lock_acquire

25425 : 0x104b740010f : 2 : ittapi_config_apply_per_lib :  ITTAPI function NOT instrumented (not matched by --itt-config option): __itt_model_lock_release

25425 : 0x104b74007a0 : 2 : ittapi_config_apply_per_lib :  ITTAPI function NOT instrumented (not matched by --itt-config option): __itt_model_record_allocation

25425 : 0x104b7400c3e : 2 : ittapi_config_apply_per_lib :  ITTAPI function NOT instrumented (not matched by --itt-config option): __itt_model_record_deallocation

25425 : 0x104b74010f5 : 2 : ittapi_config_apply_per_lib :  ITTAPI function NOT instrumented (not matched by --itt-config option): __itt_model_induction_uses

25425 : 0x104b74016e5 : 2 : ittapi_config_apply_per_lib :  ITTAPI function NOT instrumented (not matched by --itt-config option): __itt_model_reduction_uses

25425 : 0x104b7401bf9 : 2 : ittapi_config_apply_per_lib :  ITTAPI function NOT instrumented (not matched by --itt-config option): __itt_model_observe_uses

25425 : 0x104b74020aa : 2 : ittapi_config_apply_per_lib :  ITTAPI function NOT instrumented (not matched by --itt-config option): __itt_model_clear_uses

25425 : 0x104b740265e : 2 : ittapi_config_apply_per_lib :  ITTAPI function NOT instrumented (not matched by --itt-config option): __itt_model_site_beginA

25425 : 0x104b7402a6e : 2 : ittapi_config_apply_per_lib :  ITTAPI function NOT instrumented (not matched by --itt-config option): __itt_model_site_beginAL

25425 : 0x104b7402e8a : 2 : ittapi_config_apply_per_lib :  ITTAPI function NOT instrumented (not matched by --itt-config option): __itt_model_task_beginA

25425 : 0x104b7404f74 : 2 : ittapi_config_apply_per_lib :  ITTAPI function NOT instrumented (not matched by --itt-config option): __itt_model_task_beginAL

25425 : 0x104b74056ea : 2 : ittapi_config_apply_per_lib :  ITTAPI function NOT instrumented (not matched by --itt-config option): __itt_model_iteration_taskA

25425 : 0x104b7405c37 : 2 : ittapi_config_apply_per_lib :  ITTAPI function NOT instrumented (not matched by --itt-config option): __itt_model_iteration_taskAL

25425 : 0x104b7406325 : 2 : ittapi_config_apply_per_lib :  ITTAPI function NOT instrumented (not matched by --itt-config option): __itt_model_site_end_2

25425 : 0x104b7406824 : 2 : ittapi_config_apply_per_lib :  ITTAPI function NOT instrumented (not matched by --itt-config option): __itt_model_task_end_2

25425 : 0x104b7406d16 : 2 : ittapi_config_apply_per_lib :  ITTAPI function NOT instrumented (not matched by --itt-config option): __itt_model_lock_acquire_2

25425 : 0x104b740716d : 2 : ittapi_config_apply_per_lib :  ITTAPI function NOT instrumented (not matched by --itt-config option): __itt_model_lock_release_2

25425 : 0x104b74076a3 : 2 : ittapi_config_apply_per_lib :  ITTAPI function NOT instrumented (not matched by --itt-config option): __itt_model_aggregate_task

25425 : 0x104b7407c2b : 2 : ittapi_config_apply_per_lib :  ITTAPI function NOT instrumented (not matched by --itt-config option): __itt_model_disable_push

25425 : 0x104b74080bd : 2 : ittapi_config_apply_per_lib :  ITTAPI function NOT instrumented (not matched by --itt-config option): __itt_model_disable_pop

25425 : 0x104b740a5b0 : 2 : ittapi_config_apply_per_lib :  ITTAPI function instrumented: __itt_heap_function_create
25425 : 0x104b740aeb0 : 2 : ittapi_config_apply_per_lib :  ITTAPI function instrumented: __itt_heap_allocate_begin
25425 : 0x104b740b6e0 : 2 : ittapi_config_apply_per_lib :  ITTAPI function instrumented: __itt_heap_allocate_end
25425 : 0x104b740be48 : 2 : ittapi_config_apply_per_lib :  ITTAPI function instrumented: __itt_heap_free_begin
25425 : 0x104b740c45c : 2 : ittapi_config_apply_per_lib :  ITTAPI function instrumented: __itt_heap_free_end
25425 : 0x104b740ca53 : 2 : ittapi_config_apply_per_lib :  ITTAPI function instrumented: __itt_heap_reallocate_begin
25425 : 0x104b740d08f : 2 : ittapi_config_apply_per_lib :  ITTAPI function instrumented: __itt_heap_reallocate_end
25425 : 0x104b740d968 : 2 : ittapi_config_apply_per_lib :  ITTAPI function not implemented: __itt_heap_internal_access_begin
25425 : 0x104b740e2d5 : 2 : ittapi_config_apply_per_lib :  ITTAPI function not implemented: __itt_heap_internal_access_end
25425 : 0x104b740ec3e : 2 : ittapi_config_apply_per_lib :  ITTAPI function not implemented: __itt_heap_record_memory_growth_begin
25425 : 0x104b741245a : 2 : ittapi_config_apply_per_lib :  ITTAPI function not implemented: __itt_heap_record_memory_growth_end
25425 : 0x104b7412f12 : 2 : ittapi_config_apply_per_lib :  ITTAPI function not implemented: __itt_id_create
25425 : 0x104b74137f5 : 2 : ittapi_config_apply_per_lib :  ITTAPI function not implemented: __itt_id_destroy
25425 : 0x104b7414087 : 2 : ittapi_config_apply_per_lib :  ITTAPI function not implemented: __itt_region_begin
25425 : 0x104b7414acd : 2 : ittapi_config_apply_per_lib :  ITTAPI function not implemented: __itt_region_end
25425 : 0x104b74151b1 : 2 : ittapi_config_apply_per_lib :  ITTAPI function instrumented: __itt_frame_begin_v3
25425 : 0x104b741596f : 2 : ittapi_config_apply_per_lib :  ITTAPI function instrumented: __itt_frame_end_v3
25425 : 0x104b74161dc : 2 : ittapi_config_apply_per_lib :  ITTAPI function not implemented: __itt_task_group
25425 : 0x104b7416936 : 2 : ittapi_config_apply_per_lib :  ITTAPI function instrumented: __itt_task_begin
25425 : 0x104b74171b8 : 2 : ittapi_config_apply_per_lib :  ITTAPI function instrumented: __itt_task_begin_fn
25425 : 0x104b741965c : 2 : ittapi_config_apply_per_lib :  ITTAPI function instrumented: __itt_task_end
25425 : 0x104b7419d16 : 2 : ittapi_config_apply_per_lib :  ITTAPI function NOT instrumented (not matched by --itt-config option): __itt_counter_inc_v3

25425 : 0x104b741a323 : 2 : ittapi_config_apply_per_lib :  ITTAPI function NOT instrumented (not matched by --itt-config option): __itt_counter_inc_delta_v3

25425 : 0x104b741ac63 : 2 : ittapi_config_apply_per_lib :  ITTAPI function not implemented: __itt_marker
25425 : 0x104b741b3ab : 2 : ittapi_config_apply_per_lib :  ITTAPI function instrumented: __itt_metadata_add
25425 : 0x104b741bd1a : 2 : ittapi_config_apply_per_lib :  ITTAPI function not implemented: __itt_metadata_str_add
25425 : 0x104b741c5df : 2 : ittapi_config_apply_per_lib :  ITTAPI function not implemented: __itt_relation_add_to_current
25425 : 0x104b741ceff : 2 : ittapi_config_apply_per_lib :  ITTAPI function not implemented: __itt_relation_add
25425 : 0x104b741d7b9 : 2 : ittapi_config_apply_per_lib :  ITTAPI function instrumented: __itt_event_create
25425 : 0x104b741dc70 : 2 : ittapi_config_apply_per_lib :  ITTAPI function NOT instrumented (not matched by --itt-config option): __itt_event_start

25425 : 0x104b741fd47 : 2 : ittapi_config_apply_per_lib :  ITTAPI function NOT instrumented (not matched by --itt-config option): __itt_event_end

25425 : 0x104b7420393 : 2 : ittapi_config_apply_per_lib :  ITTAPI function NOT instrumented (not matched by --itt-config option): __itt_sync_set_name

25425 : 0x104b74208ec : 2 : ittapi_config_apply_per_lib :  ITTAPI function NOT instrumented (not matched by --itt-config option): __itt_notify_sync_name

25425 : 0x104b7420dfc : 2 : ittapi_config_apply_per_lib :  ITTAPI function NOT instrumented (not matched by --itt-config option): __itt_notify_sync_prepare

25425 : 0x104b7421253 : 2 : ittapi_config_apply_per_lib :  ITTAPI function NOT instrumented (not matched by --itt-config option): __itt_notify_sync_cancel

25425 : 0x104b7421707 : 2 : ittapi_config_apply_per_lib :  ITTAPI function NOT instrumented (not matched by --itt-config option): __itt_notify_sync_acquired

25425 : 0x104b7421b95 : 2 : ittapi_config_apply_per_lib :  ITTAPI function NOT instrumented (not matched by --itt-config option): __itt_notify_sync_releasing

25425 : 0x104b7422312 : 2 : ittapi_config_apply_per_lib :  ITTAPI function not implemented: __itt_memory_read
25425 : 0x104b7422b1a : 2 : ittapi_config_apply_per_lib :  ITTAPI function not implemented: __itt_memory_write
25425 : 0x104b742337d : 2 : ittapi_config_apply_per_lib :  ITTAPI function not implemented: __itt_memory_update
25425 : 0x104b74257ae : 2 : ittapi_config_apply_per_lib :  ITTAPI function not implemented: __itt_state_get
25425 : 0x104b74260de : 2 : ittapi_config_apply_per_lib :  ITTAPI function not implemented: __itt_state_set
25425 : 0x104b742689e : 2 : ittapi_config_apply_per_lib :  ITTAPI function not implemented: __itt_obj_mode_set
25425 : 0x104b7427085 : 2 : ittapi_config_apply_per_lib :  ITTAPI function not implemented: __itt_thr_mode_set
25425 : 0x104b742769d : 2 : ittapi_config_apply_per_lib :  ITTAPI function instrumented: __itt_frame_create
25425 : 0x104b742826c : 2 : ittapi_config_apply_per_lib :  ITTAPI function instrumented: __itt_frame_begin
25425 : 0x104b74289f4 : 2 : ittapi_config_apply_per_lib :  ITTAPI function instrumented: __itt_frame_end
25425 : 0x104b742937e : 2 : ittapi_config_apply_per_lib :  ITTAPI function instrumented: __itt_counter_create
25425 : 0x104b74298be : 2 : ittapi_config_apply_per_lib :  ITTAPI function NOT instrumented (not matched by --itt-config option): __itt_counter_destroy

25425 : 0x104b7429d6b : 2 : ittapi_config_apply_per_lib :  ITTAPI function NOT instrumented (not matched by --itt-config option): __itt_counter_inc

25425 : 0x104b742ce6f : 2 : ittapi_config_apply_per_lib :  ITTAPI function NOT instrumented (not matched by --itt-config option): __itt_counter_inc_delta

25425 : 0x104b742d673 : 2 : ittapi_config_apply_per_lib :  ITTAPI function not implemented: __itt_mark_create
25425 : 0x104b742deba : 2 : ittapi_config_apply_per_lib :  ITTAPI function not implemented: __itt_mark
25425 : 0x104b742e6e6 : 2 : ittapi_config_apply_per_lib :  ITTAPI function not implemented: __itt_mark_off
25425 : 0x104b742ee3e : 2 : ittapi_config_apply_per_lib :  ITTAPI function not implemented: __itt_mark_global
25425 : 0x104b742f520 : 2 : ittapi_config_apply_per_lib :  ITTAPI function not implemented: __itt_mark_global_off
25425 : 0x104b742fcc3 : 2 : ittapi_config_apply_per_lib :  ITTAPI function instrumented: __itt_stack_caller_create
25425 : 0x104b7430514 : 2 : ittapi_config_apply_per_lib :  ITTAPI function instrumented: __itt_stack_caller_destroy
25425 : 0x104b7430bc0 : 2 : ittapi_config_apply_per_lib :  ITTAPI function instrumented: __itt_stack_callee_enter
25425 : 0x104b7431255 : 2 : ittapi_config_apply_per_lib :  ITTAPI function instrumented: __itt_stack_callee_leave
25425 : 0x104b7433726 : 2 : ittapi_config_apply_per_lib :  ITTAPI function not implemented: __itt_clock_domain_create
25425 : 0x104b743413d : 2 : ittapi_config_apply_per_lib :  ITTAPI function not implemented: __itt_clock_domain_reset
25425 : 0x104b74348f2 : 2 : ittapi_config_apply_per_lib :  ITTAPI function not implemented: __itt_id_create_ex
25425 : 0x104b74350f2 : 2 : ittapi_config_apply_per_lib :  ITTAPI function not implemented: __itt_id_destroy_ex
25425 : 0x104b7435a51 : 2 : ittapi_config_apply_per_lib :  ITTAPI function not implemented: __itt_task_begin_ex
25425 : 0x104b74361a3 : 2 : ittapi_config_apply_per_lib :  ITTAPI function not implemented: __itt_task_begin_fn_ex
25425 : 0x104b743690b : 2 : ittapi_config_apply_per_lib :  ITTAPI function not implemented: __itt_task_end_ex
25425 : 0x104b743703e : 2 : ittapi_config_apply_per_lib :  ITTAPI function instrumented: __itt_task_begin_overlapped
25425 : 0x104b743784c : 2 : ittapi_config_apply_per_lib :  ITTAPI function not implemented: __itt_task_begin_overlapped_ex
25425 : 0x104b7437f4d : 2 : ittapi_config_apply_per_lib :  ITTAPI function instrumented: __itt_task_end_overlapped
25425 : 0x104b743a258 : 2 : ittapi_config_apply_per_lib :  ITTAPI function not implemented: __itt_task_end_overlapped_ex
25425 : 0x104b743ab74 : 2 : ittapi_config_apply_per_lib :  ITTAPI function not implemented: __itt_marker_ex
25425 : 0x104b743b424 : 2 : ittapi_config_apply_per_lib :  ITTAPI function not implemented: __itt_metadata_add_with_scope
25425 : 0x104b743bcf7 : 2 : ittapi_config_apply_per_lib :  ITTAPI function not implemented: __itt_metadata_str_add_with_scope
25425 : 0x104b743c51c : 2 : ittapi_config_apply_per_lib :  ITTAPI function not implemented: __itt_relation_add_to_current_ex
25425 : 0x104b743cccd : 2 : ittapi_config_apply_per_lib :  ITTAPI function not implemented: __itt_relation_add_ex
25425 : 0x104b743d400 : 2 : ittapi_config_apply_per_lib :  ITTAPI function not implemented: __itt_track_group_create
25425 : 0x104b743da72 : 2 : ittapi_config_apply_per_lib :  ITTAPI function not implemented: __itt_track_create
25425 : 0x104b743e392 : 2 : ittapi_config_apply_per_lib :  ITTAPI function not implemented: __itt_set_track
25425 : 0x104b743eb35 : 2 : ittapi_config_apply_per_lib :  ITTAPI function instrumented: __itt_api_version
25425 : 0x104b74424b7 : 2 : ittapi_config_apply_per_lib :  ITTAPI function not implemented: __itt_av_save
25425 : 0x105237de175 : 2 : ittapi_config_mask_get :  --itt-config mask to be applied: 21
25425 : 0x105237e1df6 : 2 : ittapi_config_apply_per_lib :  ITTAPI function instrumented: __itt_domain_create
25425 : 0x105237e2d25 : 2 : ittapi_config_apply_per_lib :  ITTAPI function instrumented: __itt_string_handle_create
25425 : 0x105237e37b8 : 2 : ittapi_config_apply_per_lib :  ITTAPI function instrumented: __itt_pause
25425 : 0x105237e403c : 2 : ittapi_config_apply_per_lib :  ITTAPI function instrumented: __itt_resume
25425 : 0x105237e4905 : 2 : ittapi_config_apply_per_lib :  ITTAPI function instrumented: __itt_thread_set_name
25425 : 0x105237e547f : 2 : ittapi_config_apply_per_lib :  ITTAPI function instrumented: __itt_thread_ignore
25425 : 0x105237e5cd0 : 2 : ittapi_config_apply_per_lib :  ITTAPI function instrumented: __itt_thr_name_set
25425 : 0x105237e6497 : 2 : ittapi_config_apply_per_lib :  ITTAPI function instrumented: __itt_thr_ignore
25425 : 0x105237f5129 : 2 : ittapi_config_apply_per_lib :  ITTAPI function NOT instrumented (not matched by --itt-config option): __itt_sync_create

25425 : 0x105237f5ac5 : 2 : ittapi_config_apply_per_lib :  ITTAPI function NOT instrumented (not matched by --itt-config option): __itt_sync_rename

25425 : 0x105237f5fd6 : 2 : ittapi_config_apply_per_lib :  ITTAPI function NOT instrumented (not matched by --itt-config option): __itt_sync_destroy

25425 : 0x105237f64f8 : 2 : ittapi_config_apply_per_lib :  ITTAPI function NOT instrumented (not matched by --itt-config option): __itt_sync_prepare

25425 : 0x105237f6a9a : 2 : ittapi_config_apply_per_lib :  ITTAPI function NOT instrumented (not matched by --itt-config option): __itt_sync_cancel

25425 : 0x105237f6e98 : 2 : ittapi_config_apply_per_lib :  ITTAPI function NOT instrumented (not matched by --itt-config option): __itt_sync_acquired

25425 : 0x105237f7454 : 2 : ittapi_config_apply_per_lib :  ITTAPI function NOT instrumented (not matched by --itt-config option): __itt_sync_releasing

25425 : 0x105237f88a3 : 2 : ittapi_config_apply_per_lib :  ITTAPI function not implemented: __itt_suppress_push
25425 : 0x105237f969c : 2 : ittapi_config_apply_per_lib :  ITTAPI function not implemented: __itt_suppress_pop
25425 : 0x105237fa25a : 2 : ittapi_config_apply_per_lib :  ITTAPI function not implemented: __itt_suppress_mark_range
25425 : 0x105237fcc98 : 2 : ittapi_config_apply_per_lib :  ITTAPI function not implemented: __itt_suppress_clear_range
25425 : 0x105237fd229 : 2 : ittapi_config_apply_per_lib :  ITTAPI function NOT instrumented (not matched by --itt-config option): __itt_sync_prepare

25425 : 0x105237fd6fa : 2 : ittapi_config_apply_per_lib :  ITTAPI function NOT instrumented (not matched by --itt-config option): __itt_sync_cancel

25425 : 0x105237fdb08 : 2 : ittapi_config_apply_per_lib :  ITTAPI function NOT instrumented (not matched by --itt-config option): __itt_sync_acquired

25425 : 0x105237fdf41 : 2 : ittapi_config_apply_per_lib :  ITTAPI function NOT instrumented (not matched by --itt-config option): __itt_sync_releasing

25425 : 0x105237fe5f3 : 2 : ittapi_config_apply_per_lib :  ITTAPI function NOT instrumented (not matched by --itt-config option): __itt_model_site_begin

25425 : 0x105237feba5 : 2 : ittapi_config_apply_per_lib :  ITTAPI function NOT instrumented (not matched by --itt-config option): __itt_model_site_end

25425 : 0x105237ff043 : 2 : ittapi_config_apply_per_lib :  ITTAPI function NOT instrumented (not matched by --itt-config option): __itt_model_task_begin

25425 : 0x105237ff565 : 2 : ittapi_config_apply_per_lib :  ITTAPI function NOT instrumented (not matched by --itt-config option): __itt_model_task_end

25425 : 0x105237ff965 : 2 : ittapi_config_apply_per_lib :  ITTAPI function NOT instrumented (not matched by --itt-config option): __itt_model_lock_acquire

25425 : 0x10523805eef : 2 : ittapi_config_apply_per_lib :  ITTAPI function NOT instrumented (not matched by --itt-config option): __itt_model_lock_release

25425 : 0x10523806543 : 2 : ittapi_config_apply_per_lib :  ITTAPI function NOT instrumented (not matched by --itt-config option): __itt_model_record_allocation

25425 : 0x10523806a69 : 2 : ittapi_config_apply_per_lib :  ITTAPI function NOT instrumented (not matched by --itt-config option): __itt_model_record_deallocation

25425 : 0x10523806fba : 2 : ittapi_config_apply_per_lib :  ITTAPI function NOT instrumented (not matched by --itt-config option): __itt_model_induction_uses

25425 : 0x1052380759a : 2 : ittapi_config_apply_per_lib :  ITTAPI function NOT instrumented (not matched by --itt-config option): __itt_model_reduction_uses

25425 : 0x10523807a84 : 2 : ittapi_config_apply_per_lib :  ITTAPI function NOT instrumented (not matched by --itt-config option): __itt_model_observe_uses

25425 : 0x10523807eff : 2 : ittapi_config_apply_per_lib :  ITTAPI function NOT instrumented (not matched by --itt-config option): __itt_model_clear_uses

25425 : 0x1052380847f : 2 : ittapi_config_apply_per_lib :  ITTAPI function NOT instrumented (not matched by --itt-config option): __itt_model_site_beginA

25425 : 0x105238088af : 2 : ittapi_config_apply_per_lib :  ITTAPI function NOT instrumented (not matched by --itt-config option): __itt_model_site_beginAL

25425 : 0x10523808c97 : 2 : ittapi_config_apply_per_lib :  ITTAPI function NOT instrumented (not matched by --itt-config option): __itt_model_task_beginA

25425 : 0x1052380af9c : 2 : ittapi_config_apply_per_lib :  ITTAPI function NOT instrumented (not matched by --itt-config option): __itt_model_task_beginAL

25425 : 0x1052380b6fa : 2 : ittapi_config_apply_per_lib :  ITTAPI function NOT instrumented (not matched by --itt-config option): __itt_model_iteration_taskA

25425 : 0x1052380bc0e : 2 : ittapi_config_apply_per_lib :  ITTAPI function NOT instrumented (not matched by --itt-config option): __itt_model_iteration_taskAL

25425 : 0x1052380c154 : 2 : ittapi_config_apply_per_lib :  ITTAPI function NOT instrumented (not matched by --itt-config option): __itt_model_site_end_2

25425 : 0x1052380c6a7 : 2 : ittapi_config_apply_per_lib :  ITTAPI function NOT instrumented (not matched by --itt-config option): __itt_model_task_end_2

25425 : 0x1052380cb26 : 2 : ittapi_config_apply_per_lib :  ITTAPI function NOT instrumented (not matched by --itt-config option): __itt_model_lock_acquire_2

25425 : 0x1052380cfb8 : 2 : ittapi_config_apply_per_lib :  ITTAPI function NOT instrumented (not matched by --itt-config option): __itt_model_lock_release_2

25425 : 0x1052380d3f1 : 2 : ittapi_config_apply_per_lib :  ITTAPI function NOT instrumented (not matched by --itt-config option): __itt_model_aggregate_task

25425 : 0x1052380d90d : 2 : ittapi_config_apply_per_lib :  ITTAPI function NOT instrumented (not matched by --itt-config option): __itt_model_disable_push

25425 : 0x1052380ddd8 : 2 : ittapi_config_apply_per_lib :  ITTAPI function NOT instrumented (not matched by --itt-config option): __itt_model_disable_pop

25425 : 0x10523812201 : 2 : ittapi_config_apply_per_lib :  ITTAPI function instrumented: __itt_heap_function_create
25425 : 0x10523812a6f : 2 : ittapi_config_apply_per_lib :  ITTAPI function instrumented: __itt_heap_allocate_begin
25425 : 0x105238131d3 : 2 : ittapi_config_apply_per_lib :  ITTAPI function instrumented: __itt_heap_allocate_end
25425 : 0x1052381390e : 2 : ittapi_config_apply_per_lib :  ITTAPI function instrumented: __itt_heap_free_begin
25425 : 0x10523813f5c : 2 : ittapi_config_apply_per_lib :  ITTAPI function instrumented: __itt_heap_free_end
25425 : 0x105238145a4 : 2 : ittapi_config_apply_per_lib :  ITTAPI function instrumented: __itt_heap_reallocate_begin
25425 : 0x10523814c0a : 2 : ittapi_config_apply_per_lib :  ITTAPI function instrumented: __itt_heap_reallocate_end
25425 : 0x10523817746 : 2 : ittapi_config_apply_per_lib :  ITTAPI function not implemented: __itt_heap_internal_access_begin
25425 : 0x10523817f77 : 2 : ittapi_config_apply_per_lib :  ITTAPI function not implemented: __itt_heap_internal_access_end
25425 : 0x105238188e8 : 2 : ittapi_config_apply_per_lib :  ITTAPI function not implemented: __itt_heap_record_memory_growth_begin
25425 : 0x1052381c0d0 : 2 : ittapi_config_apply_per_lib :  ITTAPI function not implemented: __itt_heap_record_memory_growth_end
25425 : 0x1052381caa0 : 2 : ittapi_config_apply_per_lib :  ITTAPI function not implemented: __itt_id_create
25425 : 0x1052381d2df : 2 : ittapi_config_apply_per_lib :  ITTAPI function not implemented: __itt_id_destroy
25425 : 0x1052381db00 : 2 : ittapi_config_apply_per_lib :  ITTAPI function not implemented: __itt_region_begin
25425 : 0x10523820e7a : 2 : ittapi_config_apply_per_lib :  ITTAPI function not implemented: __itt_region_end
25425 : 0x1052382151c : 2 : ittapi_config_apply_per_lib :  ITTAPI function instrumented: __itt_frame_begin_v3
25425 : 0x10523821cc0 : 2 : ittapi_config_apply_per_lib :  ITTAPI function instrumented: __itt_frame_end_v3
25425 : 0x1052382247e : 2 : ittapi_config_apply_per_lib :  ITTAPI function not implemented: __itt_task_group
25425 : 0x10523822b88 : 2 : ittapi_config_apply_per_lib :  ITTAPI function instrumented: __itt_task_begin
25425 : 0x10523824648 : 2 : ittapi_config_apply_per_lib :  ITTAPI function instrumented: __itt_task_begin_fn
25425 : 0x10523826d69 : 2 : ittapi_config_apply_per_lib :  ITTAPI function instrumented: __itt_task_end
25425 : 0x10523827431 : 2 : ittapi_config_apply_per_lib :  ITTAPI function NOT instrumented (not matched by --itt-config option): __itt_counter_inc_v3

25425 : 0x10523827a3c : 2 : ittapi_config_apply_per_lib :  ITTAPI function NOT instrumented (not matched by --itt-config option): __itt_counter_inc_delta_v3

25425 : 0x10523828263 : 2 : ittapi_config_apply_per_lib :  ITTAPI function not implemented: __itt_marker
25425 : 0x105238289ed : 2 : ittapi_config_apply_per_lib :  ITTAPI function instrumented: __itt_metadata_add
25425 : 0x105238292d0 : 2 : ittapi_config_apply_per_lib :  ITTAPI function not implemented: __itt_metadata_str_add
25425 : 0x10523829c31 : 2 : ittapi_config_apply_per_lib :  ITTAPI function not implemented: __itt_relation_add_to_current
25425 : 0x1052382a3ff : 2 : ittapi_config_apply_per_lib :  ITTAPI function not implemented: __itt_relation_add
25425 : 0x1052382aea2 : 2 : ittapi_config_apply_per_lib :  ITTAPI function instrumented: __itt_event_create
25425 : 0x1052382b373 : 2 : ittapi_config_apply_per_lib :  ITTAPI function NOT instrumented (not matched by --itt-config option): __itt_event_start

25425 : 0x1052382d280 : 2 : ittapi_config_apply_per_lib :  ITTAPI function NOT instrumented (not matched by --itt-config option): __itt_event_end

25425 : 0x1052382d879 : 2 : ittapi_config_apply_per_lib :  ITTAPI function NOT instrumented (not matched by --itt-config option): __itt_sync_set_name

25425 : 0x1052382dd95 : 2 : ittapi_config_apply_per_lib :  ITTAPI function NOT instrumented (not matched by --itt-config option): __itt_notify_sync_name

25425 : 0x1052382e261 : 2 : ittapi_config_apply_per_lib :  ITTAPI function NOT instrumented (not matched by --itt-config option): __itt_notify_sync_prepare

25425 : 0x1052382e6d3 : 2 : ittapi_config_apply_per_lib :  ITTAPI function NOT instrumented (not matched by --itt-config option): __itt_notify_sync_cancel

25425 : 0x1052382eb2e : 2 : ittapi_config_apply_per_lib :  ITTAPI function NOT instrumented (not matched by --itt-config option): __itt_notify_sync_acquired

25425 : 0x1052382ef63 : 2 : ittapi_config_apply_per_lib :  ITTAPI function NOT instrumented (not matched by --itt-config option): __itt_notify_sync_releasing

25425 : 0x1052382f730 : 2 : ittapi_config_apply_per_lib :  ITTAPI function not implemented: __itt_memory_read
25425 : 0x1052382ff3f : 2 : ittapi_config_apply_per_lib :  ITTAPI function not implemented: __itt_memory_write
25425 : 0x10523830801 : 2 : ittapi_config_apply_per_lib :  ITTAPI function not implemented: __itt_memory_update
25425 : 0x10523833c84 : 2 : ittapi_config_apply_per_lib :  ITTAPI function not implemented: __itt_state_get
25425 : 0x105238345cc : 2 : ittapi_config_apply_per_lib :  ITTAPI function not implemented: __itt_state_set
25425 : 0x10523834d95 : 2 : ittapi_config_apply_per_lib :  ITTAPI function not implemented: __itt_obj_mode_set
25425 : 0x10523835561 : 2 : ittapi_config_apply_per_lib :  ITTAPI function not implemented: __itt_thr_mode_set
25425 : 0x10523835b3b : 2 : ittapi_config_apply_per_lib :  ITTAPI function instrumented: __itt_frame_create
25425 : 0x10523836264 : 2 : ittapi_config_apply_per_lib :  ITTAPI function instrumented: __itt_frame_begin
25425 : 0x10523836a09 : 2 : ittapi_config_apply_per_lib :  ITTAPI function instrumented: __itt_frame_end
25425 : 0x105238371b4 : 2 : ittapi_config_apply_per_lib :  ITTAPI function instrumented: __itt_counter_create
25425 : 0x105238376a5 : 2 : ittapi_config_apply_per_lib :  ITTAPI function NOT instrumented (not matched by --itt-config option): __itt_counter_destroy

25425 : 0x10523837b46 : 2 : ittapi_config_apply_per_lib :  ITTAPI function NOT instrumented (not matched by --itt-config option): __itt_counter_inc

25425 : 0x10523839bf2 : 2 : ittapi_config_apply_per_lib :  ITTAPI function NOT instrumented (not matched by --itt-config option): __itt_counter_inc_delta

25425 : 0x1052383a3a7 : 2 : ittapi_config_apply_per_lib :  ITTAPI function not implemented: __itt_mark_create
25425 : 0x1052383ab42 : 2 : ittapi_config_apply_per_lib :  ITTAPI function not implemented: __itt_mark
25425 : 0x1052383b3d2 : 2 : ittapi_config_apply_per_lib :  ITTAPI function not implemented: __itt_mark_off
25425 : 0x1052383bbad : 2 : ittapi_config_apply_per_lib :  ITTAPI function not implemented: __itt_mark_global
25425 : 0x1052383c2e3 : 2 : ittapi_config_apply_per_lib :  ITTAPI function not implemented: __itt_mark_global_off
25425 : 0x1052383ca6b : 2 : ittapi_config_apply_per_lib :  ITTAPI function instrumented: __itt_stack_caller_create
25425 : 0x1052383d226 : 2 : ittapi_config_apply_per_lib :  ITTAPI function instrumented: __itt_stack_caller_destroy
25425 : 0x1052383da24 : 2 : ittapi_config_apply_per_lib :  ITTAPI function instrumented: __itt_stack_callee_enter
25425 : 0x1052383e04a : 2 : ittapi_config_apply_per_lib :  ITTAPI function instrumented: __itt_stack_callee_leave
25425 : 0x10523840409 : 2 : ittapi_config_apply_per_lib :  ITTAPI function not implemented: __itt_clock_domain_create
25425 : 0x10523840e51 : 2 : ittapi_config_apply_per_lib :  ITTAPI function not implemented: __itt_clock_domain_reset
25425 : 0x105238415b7 : 2 : ittapi_config_apply_per_lib :  ITTAPI function not implemented: __itt_id_create_ex
25425 : 0x10523841db7 : 2 : ittapi_config_apply_per_lib :  ITTAPI function not implemented: __itt_id_destroy_ex
25425 : 0x105238426d1 : 2 : ittapi_config_apply_per_lib :  ITTAPI function not implemented: __itt_task_begin_ex
25425 : 0x10523842e84 : 2 : ittapi_config_apply_per_lib :  ITTAPI function not implemented: __itt_task_begin_fn_ex
25425 : 0x1052384361b : 2 : ittapi_config_apply_per_lib :  ITTAPI function not implemented: __itt_task_end_ex
25425 : 0x10523843d01 : 2 : ittapi_config_apply_per_lib :  ITTAPI function instrumented: __itt_task_begin_overlapped
25425 : 0x10523844536 : 2 : ittapi_config_apply_per_lib :  ITTAPI function not implemented: __itt_task_begin_overlapped_ex
25425 : 0x10523844cdb : 2 : ittapi_config_apply_per_lib :  ITTAPI function instrumented: __itt_task_end_overlapped
25425 : 0x10523846fad : 2 : ittapi_config_apply_per_lib :  ITTAPI function not implemented: __itt_task_end_overlapped_ex
25425 : 0x10523847a09 : 2 : ittapi_config_apply_per_lib :  ITTAPI function not implemented: __itt_marker_ex
25425 : 0x10523848258 : 2 : ittapi_config_apply_per_lib :  ITTAPI function not implemented: __itt_metadata_add_with_scope
25425 : 0x10523848a83 : 2 : ittapi_config_apply_per_lib :  ITTAPI function not implemented: __itt_metadata_str_add_with_scope
25425 : 0x105238492b4 : 2 : ittapi_config_apply_per_lib :  ITTAPI function not implemented: __itt_relation_add_to_current_ex
25425 : 0x10523849a52 : 2 : ittapi_config_apply_per_lib :  ITTAPI function not implemented: __itt_relation_add_ex
25425 : 0x1052384a13a : 2 : ittapi_config_apply_per_lib :  ITTAPI function not implemented: __itt_track_group_create
25425 : 0x1052384a7d4 : 2 : ittapi_config_apply_per_lib :  ITTAPI function not implemented: __itt_track_create
25425 : 0x1052384afcc : 2 : ittapi_config_apply_per_lib :  ITTAPI function not implemented: __itt_set_track
25425 : 0x1052384b78d : 2 : ittapi_config_apply_per_lib :  ITTAPI function instrumented: __itt_api_version
25425 : 0x1052384eb99 : 2 : ittapi_config_apply_per_lib :  ITTAPI function not implemented: __itt_av_save