
2076837 : 0x63bad68f2c52 : 1 : spill_jit_data :  Jit agent is not initialized
2076822 : 0x63bad68f7e61 : 2 : ittapi_config_mask_get :  --itt-config mask to be applied: 21
2076822 : 0x63bad68faecf : 2 : ittapi_config_apply_per_lib :  ITTAPI function instrumented: __itt_domain_create
2076822 : 0x63bad68fbc05 : 2 : ittapi_config_apply_per_lib :  ITTAPI function instrumented: __itt_string_handle_create
2076822 : 0x63bad68fc58d : 2 : ittapi_config_apply_per_lib :  ITTAPI function instrumented: __itt_pause
2076822 : 0x63bad68fcfac : 2 : ittapi_config_apply_per_lib :  ITTAPI function instrumented: __itt_resume
2076822 : 0x63bad68fd82e : 2 : ittapi_config_apply_per_lib :  ITTAPI function instrumented: __itt_thread_set_name
2076822 : 0x63bad68fe0f3 : 2 : ittapi_config_apply_per_lib :  ITTAPI function instrumented: __itt_thread_ignore
2076822 : 0x63bad68fe91e : 2 : ittapi_config_apply_per_lib :  ITTAPI function instrumented: __itt_thr_name_set
2076822 : 0x63bad68ff1c8 : 2 : ittapi_config_apply_per_lib :  ITTAPI function instrumented: __itt_thr_ignore
2076822 : 0x63bad6909336 : 2 : ittapi_config_apply_per_lib :  ITTAPI function NOT instrumented (not matched by --itt-config option): __itt_sync_create

2076822 : 0x63bad6909c64 : 2 : ittapi_config_apply_per_lib :  ITTAPI function NOT instrumented (not matched by --itt-config option): __itt_sync_rename

2076822 : 0x63bad690a0cc : 2 : ittapi_config_apply_per_lib :  ITTAPI function NOT instrumented (not matched by --itt-config option): __itt_sync_destroy

2076822 : 0x63bad690a5f8 : 2 : ittapi_config_apply_per_lib :  ITTAPI function NOT instrumented (not matched by --itt-config option): __itt_sync_prepare

2076822 : 0x63bad690ab28 : 2 : ittapi_config_apply_per_lib :  ITTAPI function NOT instrumented (not matched by --itt-config option): __itt_sync_cancel

2076822 : 0x63bad690b001 : 2 : ittapi_config_apply_per_lib :  ITTAPI function NOT instrumented (not matched by --itt-config option): __itt_sync_acquired

2076822 : 0x63bad690ba82 : 2 : ittapi_config_apply_per_lib :  ITTAPI function NOT instrumented (not matched by --itt-config option): __itt_sync_releasing

2076822 : 0x63bad690d0a6 : 2 : ittapi_config_apply_per_lib :  ITTAPI function not implemented: __itt_suppress_push
2076822 : 0x63bad690df12 : 2 : ittapi_config_apply_per_lib :  ITTAPI function not implemented: __itt_suppress_pop
2076822 : 0x63bad690e8d4 : 2 : ittapi_config_apply_per_lib :  ITTAPI function not implemented: __itt_suppress_mark_range
2076822 : 0x63bad691146d : 2 : ittapi_config_apply_per_lib :  ITTAPI function not implemented: __itt_suppress_clear_range
2076822 : 0x63bad69119bc : 2 : ittapi_config_apply_per_lib :  ITTAPI function NOT instrumented (not matched by --itt-config option): __itt_sync_prepare

2076822 : 0x63bad6911eb7 : 2 : ittapi_config_apply_per_lib :  ITTAPI function NOT instrumented (not matched by --itt-config option): __itt_sync_cancel

2076822 : 0x63bad69122a3 : 2 : ittapi_config_apply_per_lib :  ITTAPI function NOT instrumented (not matched by --itt-config option): __itt_sync_acquired

2076822 : 0x63bad69126b3 : 2 : ittapi_config_apply_per_lib :  ITTAPI function NOT instrumented (not matched by --itt-config option): __itt_sync_releasing

2076822 : 0x63bad6912d26 : 2 : ittapi_config_apply_per_lib :  ITTAPI function NOT instrumented (not matched by --itt-config option): __itt_model_site_begin

2076822 : 0x63bad691326e : 2 : ittapi_config_apply_per_lib :  ITTAPI function NOT instrumented (not matched by --itt-config option): __itt_model_site_end

2076822 : 0x63bad691373b : 2 : ittapi_config_apply_per_lib :  ITTAPI function NOT instrumented (not matched by --itt-config option): __itt_model_task_begin

2076822 : 0x63bad6913c53 : 2 : ittapi_config_apply_per_lib :  ITTAPI function NOT instrumented (not matched by --itt-config option): __itt_model_task_end

2076822 : 0x63bad691407a : 2 : ittapi_config_apply_per_lib :  ITTAPI function NOT instrumented (not matched by --itt-config option): __itt_model_lock_acquire

2076822 : 0x63bad6916149 : 2 : ittapi_config_apply_per_lib :  ITTAPI function NOT instrumented (not matched by --itt-config option): __itt_model_lock_release

2076822 : 0x63bad69166bc : 2 : ittapi_config_apply_per_lib :  ITTAPI function NOT instrumented (not matched by --itt-config option): __itt_model_record_allocation

2076822 : 0x63bad6916be2 : 2 : ittapi_config_apply_per_lib :  ITTAPI function NOT instrumented (not matched by --itt-config option): __itt_model_record_deallocation

2076822 : 0x63bad6917086 : 2 : ittapi_config_apply_per_lib :  ITTAPI function NOT instrumented (not matched by --itt-config option): __itt_model_induction_uses

2076822 : 0x63bad69178d5 : 2 : ittapi_config_apply_per_lib :  ITTAPI function NOT instrumented (not matched by --itt-config option): __itt_model_reduction_uses

2076822 : 0x63bad6917d9e : 2 : ittapi_config_apply_per_lib :  ITTAPI function NOT instrumented (not matched by --itt-config option): __itt_model_observe_uses

2076822 : 0x63bad691822a : 2 : ittapi_config_apply_per_lib :  ITTAPI function NOT instrumented (not matched by --itt-config option): __itt_model_clear_uses

2076822 : 0x63bad69187ee : 2 : ittapi_config_apply_per_lib :  ITTAPI function NOT instrumented (not matched by --itt-config option): __itt_model_site_beginA

2076822 : 0x63bad6918c43 : 2 : ittapi_config_apply_per_lib :  ITTAPI function NOT instrumented (not matched by --itt-config option): __itt_model_site_beginAL

2076822 : 0x63bad6919027 : 2 : ittapi_config_apply_per_lib :  ITTAPI function NOT instrumented (not matched by --itt-config option): __itt_model_task_beginA

2076822 : 0x63bad691cf9e : 2 : ittapi_config_apply_per_lib :  ITTAPI function NOT instrumented (not matched by --itt-config option): __itt_model_task_beginAL

2076822 : 0x63bad691d749 : 2 : ittapi_config_apply_per_lib :  ITTAPI function NOT instrumented (not matched by --itt-config option): __itt_model_iteration_taskA

2076822 : 0x63bad691dc4a : 2 : ittapi_config_apply_per_lib :  ITTAPI function NOT instrumented (not matched by --itt-config option): __itt_model_iteration_taskAL

2076822 : 0x63bad691e22b : 2 : ittapi_config_apply_per_lib :  ITTAPI function NOT instrumented (not matched by --itt-config option): __itt_model_site_end_2

2076822 : 0x63bad691e9a3 : 2 : ittapi_config_apply_per_lib :  ITTAPI function NOT instrumented (not matched by --itt-config option): __itt_model_task_end_2

2076822 : 0x63bad691ee7c : 2 : ittapi_config_apply_per_lib :  ITTAPI function NOT instrumented (not matched by --itt-config option): __itt_model_lock_acquire_2

2076822 : 0x63bad691f308 : 2 : ittapi_config_apply_per_lib :  ITTAPI function NOT instrumented (not matched by --itt-config option): __itt_model_lock_release_2

2076822 : 0x63bad691f8ca : 2 : ittapi_config_apply_per_lib :  ITTAPI function NOT instrumented (not matched by --itt-config option): __itt_model_aggregate_task

2076822 : 0x63bad691fde8 : 2 : ittapi_config_apply_per_lib :  ITTAPI function NOT instrumented (not matched by --itt-config option): __itt_model_disable_push

2076822 : 0x63bad69202cf : 2 : ittapi_config_apply_per_lib :  ITTAPI function NOT instrumented (not matched by --itt-config option): __itt_model_disable_pop

2076822 : 0x63bad69226d4 : 2 : ittapi_config_apply_per_lib :  ITTAPI function instrumented: __itt_heap_function_create
2076822 : 0x63bad6922f62 : 2 : ittapi_config_apply_per_lib :  ITTAPI function instrumented: __itt_heap_allocate_begin
2076822 : 0x63bad6923637 : 2 : ittapi_config_apply_per_lib :  ITTAPI function instrumented: __itt_heap_allocate_end
2076822 : 0x63bad6923d91 : 2 : ittapi_config_apply_per_lib :  ITTAPI function instrumented: __itt_heap_free_begin
2076822 : 0x63bad69243a7 : 2 : ittapi_config_apply_per_lib :  ITTAPI function instrumented: __itt_heap_free_end
2076822 : 0x63bad6924a48 : 2 : ittapi_config_apply_per_lib :  ITTAPI function instrumented: __itt_heap_reallocate_begin
2076822 : 0x63bad692506f : 2 : ittapi_config_apply_per_lib :  ITTAPI function instrumented: __itt_heap_reallocate_end
2076822 : 0x63bad6925983 : 2 : ittapi_config_apply_per_lib :  ITTAPI function not implemented: __itt_heap_internal_access_begin
2076822 : 0x63bad692620d : 2 : ittapi_config_apply_per_lib :  ITTAPI function not implemented: __itt_heap_internal_access_end
2076822 : 0x63bad6926b33 : 2 : ittapi_config_apply_per_lib :  ITTAPI function not implemented: __itt_heap_record_memory_growth_begin
2076822 : 0x63bad692a23e : 2 : ittapi_config_apply_per_lib :  ITTAPI function not implemented: __itt_heap_record_memory_growth_end
2076822 : 0x63bad692aad2 : 2 : ittapi_config_apply_per_lib :  ITTAPI function not implemented: __itt_id_create
2076822 : 0x63bad692b2ff : 2 : ittapi_config_apply_per_lib :  ITTAPI function not implemented: __itt_id_destroy
2076822 : 0x63bad692ba8e : 2 : ittapi_config_apply_per_lib :  ITTAPI function not implemented: __itt_region_begin
2076822 : 0x63bad692c32c : 2 : ittapi_config_apply_per_lib :  ITTAPI function not implemented: __itt_region_end
2076822 : 0x63bad692c9e3 : 2 : ittapi_config_apply_per_lib :  ITTAPI function instrumented: __itt_frame_begin_v3
2076822 : 0x63bad692d20a : 2 : ittapi_config_apply_per_lib :  ITTAPI function instrumented: __itt_frame_end_v3
2076822 : 0x63bad692dab4 : 2 : ittapi_config_apply_per_lib :  ITTAPI function not implemented: __itt_task_group
2076822 : 0x63bad692e15a : 2 : ittapi_config_apply_per_lib :  ITTAPI function instrumented: __itt_task_begin
2076822 : 0x63bad692ec0f : 2 : ittapi_config_apply_per_lib :  ITTAPI function instrumented: __itt_task_begin_fn
2076822 : 0x63bad69311e0 : 2 : ittapi_config_apply_per_lib :  ITTAPI function instrumented: __itt_task_end
2076822 : 0x63bad6931861 : 2 : ittapi_config_apply_per_lib :  ITTAPI function NOT instrumented (not matched by --itt-config option): __itt_counter_inc_v3

2076822 : 0x63bad6931da9 : 2 : ittapi_config_apply_per_lib :  ITTAPI function NOT instrumented (not matched by --itt-config option): __itt_counter_inc_delta_v3

2076822 : 0x63bad6932621 : 2 : ittapi_config_apply_per_lib :  ITTAPI function not implemented: __itt_marker
2076822 : 0x63bad6932df8 : 2 : ittapi_config_apply_per_lib :  ITTAPI function instrumented: __itt_metadata_add
2076822 : 0x63bad69336e6 : 2 : ittapi_config_apply_per_lib :  ITTAPI function not implemented: __itt_metadata_str_add
2076822 : 0x63bad693415a : 2 : ittapi_config_apply_per_lib :  ITTAPI function not implemented: __itt_relation_add_to_current
2076822 : 0x63bad6934901 : 2 : ittapi_config_apply_per_lib :  ITTAPI function not implemented: __itt_relation_add
2076822 : 0x63bad6935331 : 2 : ittapi_config_apply_per_lib :  ITTAPI function instrumented: __itt_event_create
2076822 : 0x63bad6935780 : 2 : ittapi_config_apply_per_lib :  ITTAPI function NOT instrumented (not matched by --itt-config option): __itt_event_start

2076822 : 0x63bad6937b76 : 2 : ittapi_config_apply_per_lib :  ITTAPI function NOT instrumented (not matched by --itt-config option): __itt_event_end

2076822 : 0x63bad69380f3 : 2 : ittapi_config_apply_per_lib :  ITTAPI function NOT instrumented (not matched by --itt-config option): __itt_sync_set_name

2076822 : 0x63bad69385ce : 2 : ittapi_config_apply_per_lib :  ITTAPI function NOT instrumented (not matched by --itt-config option): __itt_notify_sync_name

2076822 : 0x63bad6938a77 : 2 : ittapi_config_apply_per_lib :  ITTAPI function NOT instrumented (not matched by --itt-config option): __itt_notify_sync_prepare

2076822 : 0x63bad6938f27 : 2 : ittapi_config_apply_per_lib :  ITTAPI function NOT instrumented (not matched by --itt-config option): __itt_notify_sync_cancel

2076822 : 0x63bad69393d4 : 2 : ittapi_config_apply_per_lib :  ITTAPI function NOT instrumented (not matched by --itt-config option): __itt_notify_sync_acquired

2076822 : 0x63bad693983f : 2 : ittapi_config_apply_per_lib :  ITTAPI function NOT instrumented (not matched by --itt-config option): __itt_notify_sync_releasing

2076822 : 0x63bad6939f8f : 2 : ittapi_config_apply_per_lib :  ITTAPI function not implemented: __itt_memory_read
2076822 : 0x63bad693a76e : 2 : ittapi_config_apply_per_lib :  ITTAPI function not implemented: __itt_memory_write
2076822 : 0x63bad693af72 : 2 : ittapi_config_apply_per_lib :  ITTAPI function not implemented: __itt_memory_update
2076822 : 0x63bad693d2c2 : 2 : ittapi_config_apply_per_lib :  ITTAPI function not implemented: __itt_state_get
2076822 : 0x63bad693db73 : 2 : ittapi_config_apply_per_lib :  ITTAPI function not implemented: __itt_state_set
2076822 : 0x63bad693e2ca : 2 : ittapi_config_apply_per_lib :  ITTAPI function not implemented: __itt_obj_mode_set
2076822 : 0x63bad693ea73 : 2 : ittapi_config_apply_per_lib :  ITTAPI function not implemented: __itt_thr_mode_set
2076822 : 0x63bad693f05e : 2 : ittapi_config_apply_per_lib :  ITTAPI function instrumented: __itt_frame_create
2076822 : 0x63bad693f78b : 2 : ittapi_config_apply_per_lib :  ITTAPI function instrumented: __itt_frame_begin
2076822 : 0x63bad693fec5 : 2 : ittapi_config_apply_per_lib :  ITTAPI function instrumented: __itt_frame_end
2076822 : 0x63bad69405c7 : 2 : ittapi_config_apply_per_lib :  ITTAPI function instrumented: __itt_counter_create
2076822 : 0x63bad6940ad1 : 2 : ittapi_config_apply_per_lib :  ITTAPI function NOT instrumented (not matched by --itt-config option): __itt_counter_destroy

2076822 : 0x63bad6940f53 : 2 : ittapi_config_apply_per_lib :  ITTAPI function NOT instrumented (not matched by --itt-config option): __itt_counter_inc

2076822 : 0x63bad694466a : 2 : ittapi_config_apply_per_lib :  ITTAPI function NOT instrumented (not matched by --itt-config option): __itt_counter_inc_delta

2076822 : 0x63bad6944e64 : 2 : ittapi_config_apply_per_lib :  ITTAPI function not implemented: __itt_mark_create
2076822 : 0x63bad6945617 : 2 : ittapi_config_apply_per_lib :  ITTAPI function not implemented: __itt_mark
2076822 : 0x63bad6945e25 : 2 : ittapi_config_apply_per_lib :  ITTAPI function not implemented: __itt_mark_off
2076822 : 0x63bad694653c : 2 : ittapi_config_apply_per_lib :  ITTAPI function not implemented: __itt_mark_global
2076822 : 0x63bad6946c59 : 2 : ittapi_config_apply_per_lib :  ITTAPI function not implemented: __itt_mark_global_off
2076822 : 0x63bad69473f3 : 2 : ittapi_config_apply_per_lib :  ITTAPI function instrumented: __itt_stack_caller_create
2076822 : 0x63bad6947ba9 : 2 : ittapi_config_apply_per_lib :  ITTAPI function instrumented: __itt_stack_caller_destroy
2076822 : 0x63bad6948295 : 2 : ittapi_config_apply_per_lib :  ITTAPI function instrumented: __itt_stack_callee_enter
2076822 : 0x63bad69488d5 : 2 : ittapi_config_apply_per_lib :  ITTAPI function instrumented: __itt_stack_callee_leave
2076822 : 0x63bad694ad73 : 2 : ittapi_config_apply_per_lib :  ITTAPI function not implemented: __itt_clock_domain_create
2076822 : 0x63bad694b748 : 2 : ittapi_config_apply_per_lib :  ITTAPI function not implemented: __itt_clock_domain_reset
2076822 : 0x63bad694be4a : 2 : ittapi_config_apply_per_lib :  ITTAPI function not implemented: __itt_id_create_ex
2076822 : 0x63bad694c5df : 2 : ittapi_config_apply_per_lib :  ITTAPI function not implemented: __itt_id_destroy_ex
2076822 : 0x63bad694ceca : 2 : ittapi_config_apply_per_lib :  ITTAPI function not implemented: __itt_task_begin_ex
2076822 : 0x63bad694d6a4 : 2 : ittapi_config_apply_per_lib :  ITTAPI function not implemented: __itt_task_begin_fn_ex
2076822 : 0x63bad694de32 : 2 : ittapi_config_apply_per_lib :  ITTAPI function not implemented: __itt_task_end_ex
2076822 : 0x63bad694e582 : 2 : ittapi_config_apply_per_lib :  ITTAPI function instrumented: __itt_task_begin_overlapped
2076822 : 0x63bad694edd7 : 2 : ittapi_config_apply_per_lib :  ITTAPI function not implemented: __itt_task_begin_overlapped_ex
2076822 : 0x63bad694f486 : 2 : ittapi_config_apply_per_lib :  ITTAPI function instrumented: __itt_task_end_overlapped
2076822 : 0x63bad69518e4 : 2 : ittapi_config_apply_per_lib :  ITTAPI function not implemented: __itt_task_end_overlapped_ex
2076822 : 0x63bad6952257 : 2 : ittapi_config_apply_per_lib :  ITTAPI function not implemented: __itt_marker_ex
2076822 : 0x63bad6952acf : 2 : ittapi_config_apply_per_lib :  ITTAPI function not implemented: __itt_metadata_add_with_scope
2076822 : 0x63bad69532d9 : 2 : ittapi_config_apply_per_lib :  ITTAPI function not implemented: __itt_metadata_str_add_with_scope
2076822 : 0x63bad6953aaa : 2 : ittapi_config_apply_per_lib :  ITTAPI function not implemented: __itt_relation_add_to_current_ex
2076822 : 0x63bad69541bd : 2 : ittapi_config_apply_per_lib :  ITTAPI function not implemented: __itt_relation_add_ex
2076822 : 0x63bad695490b : 2 : ittapi_config_apply_per_lib :  ITTAPI function not implemented: __itt_track_group_create
2076822 : 0x63bad6954f57 : 2 : ittapi_config_apply_per_lib :  ITTAPI function not implemented: __itt_track_create
2076822 : 0x63bad6955751 : 2 : ittapi_config_apply_per_lib :  ITTAPI function not implemented: __itt_set_track
2076822 : 0x63bad6955f12 : 2 : ittapi_config_apply_per_lib :  ITTAPI function instrumented: __itt_api_version
2076822 : 0x63bad6959601 : 2 : ittapi_config_apply_per_lib :  ITTAPI function not implemented: __itt_av_save
2076822 : 0x63bae6a45ed6 : 2 : ittapi_config_mask_get :  --itt-config mask to be applied: 21
2076822 : 0x63bae6a496c0 : 2 : ittapi_config_apply_per_lib :  ITTAPI function instrumented: __itt_domain_create
2076822 : 0x63bae6a4a378 : 2 : ittapi_config_apply_per_lib :  ITTAPI function instrumented: __itt_string_handle_create
2076822 : 0x63bae6a4ad9e : 2 : ittapi_config_apply_per_lib :  ITTAPI function instrumented: __itt_pause
2076822 : 0x63bae6a4b51a : 2 : ittapi_config_apply_per_lib :  ITTAPI function instrumented: __itt_resume
2076822 : 0x63bae6a4be20 : 2 : ittapi_config_apply_per_lib :  ITTAPI function instrumented: __itt_thread_set_name
2076822 : 0x63bae6a4c691 : 2 : ittapi_config_apply_per_lib :  ITTAPI function instrumented: __itt_thread_ignore
2076822 : 0x63bae6a4d178 : 2 : ittapi_config_apply_per_lib :  ITTAPI function instrumented: __itt_thr_name_set
2076822 : 0x63bae6a4d8c9 : 2 : ittapi_config_apply_per_lib :  ITTAPI function instrumented: __itt_thr_ignore
2076822 : 0x63bae6a5cfab : 2 : ittapi_config_apply_per_lib :  ITTAPI function NOT instrumented (not matched by --itt-config option): __itt_sync_create

2076822 : 0x63bae6a5d8c9 : 2 : ittapi_config_apply_per_lib :  ITTAPI function NOT instrumented (not matched by --itt-config option): __itt_sync_rename

2076822 : 0x63bae6a5dd96 : 2 : ittapi_config_apply_per_lib :  ITTAPI function NOT instrumented (not matched by --itt-config option): __itt_sync_destroy

2076822 : 0x63bae6a5e703 : 2 : ittapi_config_apply_per_lib :  ITTAPI function NOT instrumented (not matched by --itt-config option): __itt_sync_prepare

2076822 : 0x63bae6a5ec9e : 2 : ittapi_config_apply_per_lib :  ITTAPI function NOT instrumented (not matched by --itt-config option): __itt_sync_cancel

2076822 : 0x63bae6a5f09a : 2 : ittapi_config_apply_per_lib :  ITTAPI function NOT instrumented (not matched by --itt-config option): __itt_sync_acquired

2076822 : 0x63bae6a5f63e : 2 : ittapi_config_apply_per_lib :  ITTAPI function NOT instrumented (not matched by --itt-config option): __itt_sync_releasing

2076822 : 0x63bae6a60bb1 : 2 : ittapi_config_apply_per_lib :  ITTAPI function not implemented: __itt_suppress_push
2076822 : 0x63bae6a6197c : 2 : ittapi_config_apply_per_lib :  ITTAPI function not implemented: __itt_suppress_pop
2076822 : 0x63bae6a62283 : 2 : ittapi_config_apply_per_lib :  ITTAPI function not implemented: __itt_suppress_mark_range
2076822 : 0x63bae6a64f83 : 2 : ittapi_config_apply_per_lib :  ITTAPI function not implemented: __itt_suppress_clear_range
2076822 : 0x63bae6a654b6 : 2 : ittapi_config_apply_per_lib :  ITTAPI function NOT instrumented (not matched by --itt-config option): __itt_sync_prepare

2076822 : 0x63bae6a65964 : 2 : ittapi_config_apply_per_lib :  ITTAPI function NOT instrumented (not matched by --itt-config option): __itt_sync_cancel

2076822 : 0x63bae6a65d5e : 2 : ittapi_config_apply_per_lib :  ITTAPI function NOT instrumented (not matched by --itt-config option): __itt_sync_acquired

2076822 : 0x63bae6a661fc : 2 : ittapi_config_apply_per_lib :  ITTAPI function NOT instrumented (not matched by --itt-config option): __itt_sync_releasing

2076822 : 0x63bae6a66ab3 : 2 : ittapi_config_apply_per_lib :  ITTAPI function NOT instrumented (not matched by --itt-config option): __itt_model_site_begin

2076822 : 0x63bae6a67048 : 2 : ittapi_config_apply_per_lib :  ITTAPI function NOT instrumented (not matched by --itt-config option): __itt_model_site_end

2076822 : 0x63bae6a6750d : 2 : ittapi_config_apply_per_lib :  ITTAPI function NOT instrumented (not matched by --itt-config option): __itt_model_task_begin

2076822 : 0x63bae6a67a92 : 2 : ittapi_config_apply_per_lib :  ITTAPI function NOT instrumented (not matched by --itt-config option): __itt_model_task_end

2076822 : 0x63bae6a67e8a : 2 : ittapi_config_apply_per_lib :  ITTAPI function NOT instrumented (not matched by --itt-config option): __itt_model_lock_acquire

2076822 : 0x63bae6a73200 : 2 : ittapi_config_apply_per_lib :  ITTAPI function NOT instrumented (not matched by --itt-config option): __itt_model_lock_release

2076822 : 0x63bae6a73805 : 2 : ittapi_config_apply_per_lib :  ITTAPI function NOT instrumented (not matched by --itt-config option): __itt_model_record_allocation

2076822 : 0x63bae6a73d1d : 2 : ittapi_config_apply_per_lib :  ITTAPI function NOT instrumented (not matched by --itt-config option): __itt_model_record_deallocation

2076822 : 0x63bae6a741e7 : 2 : ittapi_config_apply_per_lib :  ITTAPI function NOT instrumented (not matched by --itt-config option): __itt_model_induction_uses

2076822 : 0x63bae6a74805 : 2 : ittapi_config_apply_per_lib :  ITTAPI function NOT instrumented (not matched by --itt-config option): __itt_model_reduction_uses

2076822 : 0x63bae6a74d8c : 2 : ittapi_config_apply_per_lib :  ITTAPI function NOT instrumented (not matched by --itt-config option): __itt_model_observe_uses

2076822 : 0x63bae6a751fe : 2 : ittapi_config_apply_per_lib :  ITTAPI function NOT instrumented (not matched by --itt-config option): __itt_model_clear_uses

2076822 : 0x63bae6a757d4 : 2 : ittapi_config_apply_per_lib :  ITTAPI function NOT instrumented (not matched by --itt-config option): __itt_model_site_beginA

2076822 : 0x63bae6a75c0b : 2 : ittapi_config_apply_per_lib :  ITTAPI function NOT instrumented (not matched by --itt-config option): __itt_model_site_beginAL

2076822 : 0x63bae6a76003 : 2 : ittapi_config_apply_per_lib :  ITTAPI function NOT instrumented (not matched by --itt-config option): __itt_model_task_beginA

2076822 : 0x63bae6a78487 : 2 : ittapi_config_apply_per_lib :  ITTAPI function NOT instrumented (not matched by --itt-config option): __itt_model_task_beginAL

2076822 : 0x63bae6a78b53 : 2 : ittapi_config_apply_per_lib :  ITTAPI function NOT instrumented (not matched by --itt-config option): __itt_model_iteration_taskA

2076822 : 0x63bae6a7907f : 2 : ittapi_config_apply_per_lib :  ITTAPI function NOT instrumented (not matched by --itt-config option): __itt_model_iteration_taskAL

2076822 : 0x63bae6a795fa : 2 : ittapi_config_apply_per_lib :  ITTAPI function NOT instrumented (not matched by --itt-config option): __itt_model_site_end_2

2076822 : 0x63bae6a79b24 : 2 : ittapi_config_apply_per_lib :  ITTAPI function NOT instrumented (not matched by --itt-config option): __itt_model_task_end_2

2076822 : 0x63bae6a7a01c : 2 : ittapi_config_apply_per_lib :  ITTAPI function NOT instrumented (not matched by --itt-config option): __itt_model_lock_acquire_2

2076822 : 0x63bae6a7a47d : 2 : ittapi_config_apply_per_lib :  ITTAPI function NOT instrumented (not matched by --itt-config option): __itt_model_lock_release_2

2076822 : 0x63bae6a7aa0b : 2 : ittapi_config_apply_per_lib :  ITTAPI function NOT instrumented (not matched by --itt-config option): __itt_model_aggregate_task

2076822 : 0x63bae6a7af12 : 2 : ittapi_config_apply_per_lib :  ITTAPI function NOT instrumented (not matched by --itt-config option): __itt_model_disable_push

2076822 : 0x63bae6a7b3a2 : 2 : ittapi_config_apply_per_lib :  ITTAPI function NOT instrumented (not matched by --itt-config option): __itt_model_disable_pop

2076822 : 0x63bae6a7d915 : 2 : ittapi_config_apply_per_lib :  ITTAPI function instrumented: __itt_heap_function_create
2076822 : 0x63bae6a7e1ce : 2 : ittapi_config_apply_per_lib :  ITTAPI function instrumented: __itt_heap_allocate_begin
2076822 : 0x63bae6a7ea7f : 2 : ittapi_config_apply_per_lib :  ITTAPI function instrumented: __itt_heap_allocate_end
2076822 : 0x63bae6a7f2bf : 2 : ittapi_config_apply_per_lib :  ITTAPI function instrumented: __itt_heap_free_begin
2076822 : 0x63bae6a7f942 : 2 : ittapi_config_apply_per_lib :  ITTAPI function instrumented: __itt_heap_free_end
2076822 : 0x63bae6a8006f : 2 : ittapi_config_apply_per_lib :  ITTAPI function instrumented: __itt_heap_reallocate_begin
2076822 : 0x63bae6a806e4 : 2 : ittapi_config_apply_per_lib :  ITTAPI function instrumented: __itt_heap_reallocate_end
2076822 : 0x63bae6a80fa7 : 2 : ittapi_config_apply_per_lib :  ITTAPI function not implemented: __itt_heap_internal_access_begin
2076822 : 0x63bae6a81859 : 2 : ittapi_config_apply_per_lib :  ITTAPI function not implemented: __itt_heap_internal_access_end
2076822 : 0x63bae6a82196 : 2 : ittapi_config_apply_per_lib :  ITTAPI function not implemented: __itt_heap_record_memory_growth_begin
2076822 : 0x63bae6a85a8e : 2 : ittapi_config_apply_per_lib :  ITTAPI function not implemented: __itt_heap_record_memory_growth_end
2076822 : 0x63bae6a864e2 : 2 : ittapi_config_apply_per_lib :  ITTAPI function not implemented: __itt_id_create
2076822 : 0x63bae6a86d3f : 2 : ittapi_config_apply_per_lib :  ITTAPI function not implemented: __itt_id_destroy
2076822 : 0x63bae6a875c7 : 2 : ittapi_config_apply_per_lib :  ITTAPI function not implemented: __itt_region_begin
2076822 : 0x63bae6a87e47 : 2 : ittapi_config_apply_per_lib :  ITTAPI function not implemented: __itt_region_end
2076822 : 0x63bae6a885f8 : 2 : ittapi_config_apply_per_lib :  ITTAPI function instrumented: __itt_frame_begin_v3
2076822 : 0x63bae6a88e37 : 2 : ittapi_config_apply_per_lib :  ITTAPI function instrumented: __itt_frame_end_v3
2076822 : 0x63bae6a8963f : 2 : ittapi_config_apply_per_lib :  ITTAPI function not implemented: __itt_task_group
2076822 : 0x63bae6a89d99 : 2 : ittapi_config_apply_per_lib :  ITTAPI function instrumented: __itt_task_begin
2076822 : 0x63bae6a8a674 : 2 : ittapi_config_apply_per_lib :  ITTAPI function instrumented: __itt_task_begin_fn
2076822 : 0x63bae6a8ce4d : 2 : ittapi_config_apply_per_lib :  ITTAPI function instrumented: __itt_task_end
2076822 : 0x63bae6a8d48d : 2 : ittapi_config_apply_per_lib :  ITTAPI function NOT instrumented (not matched by --itt-config option): __itt_counter_inc_v3

2076822 : 0x63bae6a8da6c : 2 : ittapi_config_apply_per_lib :  ITTAPI function NOT instrumented (not matched by --itt-config option): __itt_counter_inc_delta_v3

2076822 : 0x63bae6a8e2b7 : 2 : ittapi_config_apply_per_lib :  ITTAPI function not implemented: __itt_marker
2076822 : 0x63bae6a8ea80 : 2 : ittapi_config_apply_per_lib :  ITTAPI function instrumented: __itt_metadata_add
2076822 : 0x63bae6a8f3db : 2 : ittapi_config_apply_per_lib :  ITTAPI function not implemented: __itt_metadata_str_add
2076822 : 0x63bae6a8fcc2 : 2 : ittapi_config_apply_per_lib :  ITTAPI function not implemented: __itt_relation_add_to_current
2076822 : 0x63bae6a904a6 : 2 : ittapi_config_apply_per_lib :  ITTAPI function not implemented: __itt_relation_add
2076822 : 0x63bae6a90c08 : 2 : ittapi_config_apply_per_lib :  ITTAPI function instrumented: __itt_event_create
2076822 : 0x63bae6a91094 : 2 : ittapi_config_apply_per_lib :  ITTAPI function NOT instrumented (not matched by --itt-config option): __itt_event_start

2076822 : 0x63bae6a93027 : 2 : ittapi_config_apply_per_lib :  ITTAPI function NOT instrumented (not matched by --itt-config option): __itt_event_end

2076822 : 0x63bae6a9354d : 2 : ittapi_config_apply_per_lib :  ITTAPI function NOT instrumented (not matched by --itt-config option): __itt_sync_set_name

2076822 : 0x63bae6a93ab2 : 2 : ittapi_config_apply_per_lib :  ITTAPI function NOT instrumented (not matched by --itt-config option): __itt_notify_sync_name

2076822 : 0x63bae6a93f5e : 2 : ittapi_config_apply_per_lib :  ITTAPI function NOT instrumented (not matched by --itt-config option): __itt_notify_sync_prepare

2076822 : 0x63bae6a9452c : 2 : ittapi_config_apply_per_lib :  ITTAPI function NOT instrumented (not matched by --itt-config option): __itt_notify_sync_cancel

2076822 : 0x63bae6a949d3 : 2 : ittapi_config_apply_per_lib :  ITTAPI function NOT instrumented (not matched by --itt-config option): __itt_notify_sync_acquired

2076822 : 0x63bae6a94e09 : 2 : ittapi_config_apply_per_lib :  ITTAPI function NOT instrumented (not matched by --itt-config option): __itt_notify_sync_releasing

2076822 : 0x63bae6a95567 : 2 : ittapi_config_apply_per_lib :  ITTAPI function not implemented: __itt_memory_read
2076822 : 0x63bae6a95de1 : 2 : ittapi_config_apply_per_lib :  ITTAPI function not implemented: __itt_memory_write
2076822 : 0x63bae6a965eb : 2 : ittapi_config_apply_per_lib :  ITTAPI function not implemented: __itt_memory_update
2076822 : 0x63bae6a99b2a : 2 : ittapi_config_apply_per_lib :  ITTAPI function not implemented: __itt_state_get
2076822 : 0x63bae6a9a3e4 : 2 : ittapi_config_apply_per_lib :  ITTAPI function not implemented: __itt_state_set
2076822 : 0x63bae6a9ab5b : 2 : ittapi_config_apply_per_lib :  ITTAPI function not implemented: __itt_obj_mode_set
2076822 : 0x63bae6a9b2c9 : 2 : ittapi_config_apply_per_lib :  ITTAPI function not implemented: __itt_thr_mode_set
2076822 : 0x63bae6a9b990 : 2 : ittapi_config_apply_per_lib :  ITTAPI function instrumented: __itt_frame_create
2076822 : 0x63bae6a9c28a : 2 : ittapi_config_apply_per_lib :  ITTAPI function instrumented: __itt_frame_begin
2076822 : 0x63bae6a9c9b9 : 2 : ittapi_config_apply_per_lib :  ITTAPI function instrumented: __itt_frame_end
2076822 : 0x63bae6a9d199 : 2 : ittapi_config_apply_per_lib :  ITTAPI function instrumented: __itt_counter_create
2076822 : 0x63bae6a9d6c9 : 2 : ittapi_config_apply_per_lib :  ITTAPI function NOT instrumented (not matched by --itt-config option): __itt_counter_destroy

2076822 : 0x63bae6a9dbac : 2 : ittapi_config_apply_per_lib :  ITTAPI function NOT instrumented (not matched by --itt-config option): __itt_counter_inc

2076822 : 0x63bae6a9fd89 : 2 : ittapi_config_apply_per_lib :  ITTAPI function NOT instrumented (not matched by --itt-config option): __itt_counter_inc_delta

2076822 : 0x63bae6aa04f9 : 2 : ittapi_config_apply_per_lib :  ITTAPI function not implemented: __itt_mark_create
2076822 : 0x63bae6aa0cd9 : 2 : ittapi_config_apply_per_lib :  ITTAPI function not implemented: __itt_mark
2076822 : 0x63bae6aa1652 : 2 : ittapi_config_apply_per_lib :  ITTAPI function not implemented: __itt_mark_off
2076822 : 0x63bae6aa1d2e : 2 : ittapi_config_apply_per_lib :  ITTAPI function not implemented: __itt_mark_global
2076822 : 0x63bae6aa23d5 : 2 : ittapi_config_apply_per_lib :  ITTAPI function not implemented: __itt_mark_global_off
2076822 : 0x63bae6aa2b74 : 2 : ittapi_config_apply_per_lib :  ITTAPI function instrumented: __itt_stack_caller_create
2076822 : 0x63bae6aa33bd : 2 : ittapi_config_apply_per_lib :  ITTAPI function instrumented: __itt_stack_caller_destroy
2076822 : 0x63bae6aa3b7a : 2 : ittapi_config_apply_per_lib :  ITTAPI function instrumented: __itt_stack_callee_enter
2076822 : 0x63bae6aa41d6 : 2 : ittapi_config_apply_per_lib :  ITTAPI function instrumented: __itt_stack_callee_leave
2076822 : 0x63bae6aa6516 : 2 : ittapi_config_apply_per_lib :  ITTAPI function not implemented: __itt_clock_domain_create
2076822 : 0x63bae6aa6eb2 : 2 : ittapi_config_apply_per_lib :  ITTAPI function not implemented: __itt_clock_domain_reset
2076822 : 0x63bae6aa7526 : 2 : ittapi_config_apply_per_lib :  ITTAPI function not implemented: __itt_id_create_ex
2076822 : 0x63bae6aa7cbf : 2 : ittapi_config_apply_per_lib :  ITTAPI function not implemented: __itt_id_destroy_ex
2076822 : 0x63bae6aa85c7 : 2 : ittapi_config_apply_per_lib :  ITTAPI function not implemented: __itt_task_begin_ex
2076822 : 0x63bae6aa8d6f : 2 : ittapi_config_apply_per_lib :  ITTAPI function not implemented: __itt_task_begin_fn_ex
2076822 : 0x63bae6aa94d9 : 2 : ittapi_config_apply_per_lib :  ITTAPI function not implemented: __itt_task_end_ex
2076822 : 0x63bae6aa9c05 : 2 : ittapi_config_apply_per_lib :  ITTAPI function instrumented: __itt_task_begin_overlapped
2076822 : 0x63bae6aaa491 : 2 : ittapi_config_apply_per_lib :  ITTAPI function not implemented: __itt_task_begin_overlapped_ex
2076822 : 0x63bae6aaad59 : 2 : ittapi_config_apply_per_lib :  ITTAPI function instrumented: __itt_task_end_overlapped
2076822 : 0x63bae6aae3c4 : 2 : ittapi_config_apply_per_lib :  ITTAPI function not implemented: __itt_task_end_overlapped_ex
2076822 : 0x63bae6aaedf6 : 2 : ittapi_config_apply_per_lib :  ITTAPI function not implemented: __itt_marker_ex
2076822 : 0x63bae6aaf57a : 2 : ittapi_config_apply_per_lib :  ITTAPI function not implemented: __itt_metadata_add_with_scope
2076822 : 0x63bae6aafdec : 2 : ittapi_config_apply_per_lib :  ITTAPI function not implemented: __itt_metadata_str_add_with_scope
2076822 : 0x63bae6ab05a7 : 2 : ittapi_config_apply_per_lib :  ITTAPI function not implemented: __itt_relation_add_to_current_ex
2076822 : 0x63bae6ab0ce6 : 2 : ittapi_config_apply_per_lib :  ITTAPI function not implemented: __itt_relation_add_ex
2076822 : 0x63bae6ab1424 : 2 : ittapi_config_apply_per_lib :  ITTAPI function not implemented: __itt_track_group_create
2076822 : 0x63bae6ab1a58 : 2 : ittapi_config_apply_per_lib :  ITTAPI function not implemented: __itt_track_create
2076822 : 0x63bae6ab226a : 2 : ittapi_config_apply_per_lib :  ITTAPI function not implemented: __itt_set_track
2076822 : 0x63bae6ab29e4 : 2 : ittapi_config_apply_per_lib :  ITTAPI function instrumented: __itt_api_version
2076822 : 0x63bae6ab4d2c : 2 : ittapi_config_apply_per_lib :  ITTAPI function not implemented: __itt_av_save
2076822 : 0x63bb4c9a8ffc : 2 : ittapi_config_mask_get :  --itt-config mask to be applied: 21
2076822 : 0x63bb4c9ad0d1 : 2 : ittapi_config_apply_per_lib :  ITTAPI function instrumented: __itt_domain_create
2076822 : 0x63bb4c9adfda : 2 : ittapi_config_apply_per_lib :  ITTAPI function instrumented: __itt_string_handle_create
2076822 : 0x63bb4c9aeae3 : 2 : ittapi_config_apply_per_lib :  ITTAPI function instrumented: __itt_pause
2076822 : 0x63bb4c9af30d : 2 : ittapi_config_apply_per_lib :  ITTAPI function instrumented: __itt_resume
2076822 : 0x63bb4c9afd3b : 2 : ittapi_config_apply_per_lib :  ITTAPI function instrumented: __itt_thread_set_name
2076822 : 0x63bb4c9b0679 : 2 : ittapi_config_apply_per_lib :  ITTAPI function instrumented: __itt_thread_ignore
2076822 : 0x63bb4c9b0eed : 2 : ittapi_config_apply_per_lib :  ITTAPI function instrumented: __itt_thr_name_set
2076822 : 0x63bb4c9b16b8 : 2 : ittapi_config_apply_per_lib :  ITTAPI function instrumented: __itt_thr_ignore
2076822 : 0x63bb4c9bec9e : 2 : ittapi_config_apply_per_lib :  ITTAPI function NOT instrumented (not matched by --itt-config option): __itt_sync_create

2076822 : 0x63bb4c9bf575 : 2 : ittapi_config_apply_per_lib :  ITTAPI function NOT instrumented (not matched by --itt-config option): __itt_sync_rename

2076822 : 0x63bb4c9bfae8 : 2 : ittapi_config_apply_per_lib :  ITTAPI function NOT instrumented (not matched by --itt-config option): __itt_sync_destroy

2076822 : 0x63bb4c9c0025 : 2 : ittapi_config_apply_per_lib :  ITTAPI function NOT instrumented (not matched by --itt-config option): __itt_sync_prepare

2076822 : 0x63bb4c9c0578 : 2 : ittapi_config_apply_per_lib :  ITTAPI function NOT instrumented (not matched by --itt-config option): __itt_sync_cancel

2076822 : 0x63bb4c9c0963 : 2 : ittapi_config_apply_per_lib :  ITTAPI function NOT instrumented (not matched by --itt-config option): __itt_sync_acquired

2076822 : 0x63bb4c9c0f05 : 2 : ittapi_config_apply_per_lib :  ITTAPI function NOT instrumented (not matched by --itt-config option): __itt_sync_releasing

2076822 : 0x63bb4c9c22d9 : 2 : ittapi_config_apply_per_lib :  ITTAPI function not implemented: __itt_suppress_push
2076822 : 0x63bb4c9c3011 : 2 : ittapi_config_apply_per_lib :  ITTAPI function not implemented: __itt_suppress_pop
2076822 : 0x63bb4c9c397c : 2 : ittapi_config_apply_per_lib :  ITTAPI function not implemented: __itt_suppress_mark_range
2076822 : 0x63bb4c9c65d5 : 2 : ittapi_config_apply_per_lib :  ITTAPI function not implemented: __itt_suppress_clear_range
2076822 : 0x63bb4c9c6b40 : 2 : ittapi_config_apply_per_lib :  ITTAPI function NOT instrumented (not matched by --itt-config option): __itt_sync_prepare

2076822 : 0x63bb4c9c7085 : 2 : ittapi_config_apply_per_lib :  ITTAPI function NOT instrumented (not matched by --itt-config option): __itt_sync_cancel

2076822 : 0x63bb4c9c7485 : 2 : ittapi_config_apply_per_lib :  ITTAPI function NOT instrumented (not matched by --itt-config option): __itt_sync_acquired

2076822 : 0x63bb4c9c78a5 : 2 : ittapi_config_apply_per_lib :  ITTAPI function NOT instrumented (not matched by --itt-config option): __itt_sync_releasing

2076822 : 0x63bb4c9c7f16 : 2 : ittapi_config_apply_per_lib :  ITTAPI function NOT instrumented (not matched by --itt-config option): __itt_model_site_begin

2076822 : 0x63bb4c9c845d : 2 : ittapi_config_apply_per_lib :  ITTAPI function NOT instrumented (not matched by --itt-config option): __itt_model_site_end

2076822 : 0x63bb4c9c898b : 2 : ittapi_config_apply_per_lib :  ITTAPI function NOT instrumented (not matched by --itt-config option): __itt_model_task_begin

2076822 : 0x63bb4c9c932a : 2 : ittapi_config_apply_per_lib :  ITTAPI function NOT instrumented (not matched by --itt-config option): __itt_model_task_end

2076822 : 0x63bb4c9c9739 : 2 : ittapi_config_apply_per_lib :  ITTAPI function NOT instrumented (not matched by --itt-config option): __itt_model_lock_acquire

2076822 : 0x63bb4c9d4c11 : 2 : ittapi_config_apply_per_lib :  ITTAPI function NOT instrumented (not matched by --itt-config option): __itt_model_lock_release

2076822 : 0x63bb4c9d51eb : 2 : ittapi_config_apply_per_lib :  ITTAPI function NOT instrumented (not matched by --itt-config option): __itt_model_record_allocation

2076822 : 0x63bb4c9d5785 : 2 : ittapi_config_apply_per_lib :  ITTAPI function NOT instrumented (not matched by --itt-config option): __itt_model_record_deallocation

2076822 : 0x63bb4c9d5c33 : 2 : ittapi_config_apply_per_lib :  ITTAPI function NOT instrumented (not matched by --itt-config option): __itt_model_induction_uses

2076822 : 0x63bb4c9d6279 : 2 : ittapi_config_apply_per_lib :  ITTAPI function NOT instrumented (not matched by --itt-config option): __itt_model_reduction_uses

2076822 : 0x63bb4c9d6799 : 2 : ittapi_config_apply_per_lib :  ITTAPI function NOT instrumented (not matched by --itt-config option): __itt_model_observe_uses

2076822 : 0x63bb4c9d6c58 : 2 : ittapi_config_apply_per_lib :  ITTAPI function NOT instrumented (not matched by --itt-config option): __itt_model_clear_uses

2076822 : 0x63bb4c9d71f0 : 2 : ittapi_config_apply_per_lib :  ITTAPI function NOT instrumented (not matched by --itt-config option): __itt_model_site_beginA

2076822 : 0x63bb4c9d7659 : 2 : ittapi_config_apply_per_lib :  ITTAPI function NOT instrumented (not matched by --itt-config option): __itt_model_site_beginAL

2076822 : 0x63bb4c9d7a74 : 2 : ittapi_config_apply_per_lib :  ITTAPI function NOT instrumented (not matched by --itt-config option): __itt_model_task_beginA

2076822 : 0x63bb4c9d9dbf : 2 : ittapi_config_apply_per_lib :  ITTAPI function NOT instrumented (not matched by --itt-config option): __itt_model_task_beginAL

2076822 : 0x63bb4c9da80d : 2 : ittapi_config_apply_per_lib :  ITTAPI function NOT instrumented (not matched by --itt-config option): __itt_model_iteration_taskA

2076822 : 0x63bb4c9dad42 : 2 : ittapi_config_apply_per_lib :  ITTAPI function NOT instrumented (not matched by --itt-config option): __itt_model_iteration_taskAL

2076822 : 0x63bb4c9db282 : 2 : ittapi_config_apply_per_lib :  ITTAPI function NOT instrumented (not matched by --itt-config option): __itt_model_site_end_2

2076822 : 0x63bb4c9db7eb : 2 : ittapi_config_apply_per_lib :  ITTAPI function NOT instrumented (not matched by --itt-config option): __itt_model_task_end_2

2076822 : 0x63bb4c9dbcbc : 2 : ittapi_config_apply_per_lib :  ITTAPI function NOT instrumented (not matched by --itt-config option): __itt_model_lock_acquire_2

2076822 : 0x63bb4c9dc18d : 2 : ittapi_config_apply_per_lib :  ITTAPI function NOT instrumented (not matched by --itt-config option): __itt_model_lock_release_2

2076822 : 0x63bb4c9dc71a : 2 : ittapi_config_apply_per_lib :  ITTAPI function NOT instrumented (not matched by --itt-config option): __itt_model_aggregate_task

2076822 : 0x63bb4c9dcc77 : 2 : ittapi_config_apply_per_lib :  ITTAPI function NOT instrumented (not matched by --itt-config option): __itt_model_disable_push

2076822 : 0x63bb4c9dd107 : 2 : ittapi_config_apply_per_lib :  ITTAPI function NOT instrumented (not matched by --itt-config option): __itt_model_disable_pop

2076822 : 0x63bb4c9e04b4 : 2 : ittapi_config_apply_per_lib :  ITTAPI function instrumented: __itt_heap_function_create
2076822 : 0x63bb4c9e0da4 : 2 : ittapi_config_apply_per_lib :  ITTAPI function instrumented: __itt_heap_allocate_begin
2076822 : 0x63bb4c9e156b : 2 : ittapi_config_apply_per_lib :  ITTAPI function instrumented: __itt_heap_allocate_end
2076822 : 0x63bb4c9e1cf3 : 2 : ittapi_config_apply_per_lib :  ITTAPI function instrumented: __itt_heap_free_begin
2076822 : 0x63bb4c9e2370 : 2 : ittapi_config_apply_per_lib :  ITTAPI function instrumented: __itt_heap_free_end
2076822 : 0x63bb4c9e2a48 : 2 : ittapi_config_apply_per_lib :  ITTAPI function instrumented: __itt_heap_reallocate_begin
2076822 : 0x63bb4c9e30bd : 2 : ittapi_config_apply_per_lib :  ITTAPI function instrumented: __itt_heap_reallocate_end
2076822 : 0x63bb4c9e39a2 : 2 : ittapi_config_apply_per_lib :  ITTAPI function not implemented: __itt_heap_internal_access_begin
2076822 : 0x63bb4c9e4311 : 2 : ittapi_config_apply_per_lib :  ITTAPI function not implemented: __itt_heap_internal_access_end
2076822 : 0x63bb4c9e4d35 : 2 : ittapi_config_apply_per_lib :  ITTAPI function not implemented: __itt_heap_record_memory_growth_begin
2076822 : 0x63bb4c9e77c6 : 2 : ittapi_config_apply_per_lib :  ITTAPI function not implemented: __itt_heap_record_memory_growth_end
2076822 : 0x63bb4c9e8097 : 2 : ittapi_config_apply_per_lib :  ITTAPI function not implemented: __itt_id_create
2076822 : 0x63bb4c9e88c3 : 2 : ittapi_config_apply_per_lib :  ITTAPI function not implemented: __itt_id_destroy
2076822 : 0x63bb4c9e908d : 2 : ittapi_config_apply_per_lib :  ITTAPI function not implemented: __itt_region_begin
2076822 : 0x63bb4c9e99cb : 2 : ittapi_config_apply_per_lib :  ITTAPI function not implemented: __itt_region_end
2076822 : 0x63bb4c9ea068 : 2 : ittapi_config_apply_per_lib :  ITTAPI function instrumented: __itt_frame_begin_v3
2076822 : 0x63bb4c9ea901 : 2 : ittapi_config_apply_per_lib :  ITTAPI function instrumented: __itt_frame_end_v3
2076822 : 0x63bb4c9eb18a : 2 : ittapi_config_apply_per_lib :  ITTAPI function not implemented: __itt_task_group
2076822 : 0x63bb4c9eb852 : 2 : ittapi_config_apply_per_lib :  ITTAPI function instrumented: __itt_task_begin
2076822 : 0x63bb4c9ec7ae : 2 : ittapi_config_apply_per_lib :  ITTAPI function instrumented: __itt_task_begin_fn
2076822 : 0x63bb4c9ef477 : 2 : ittapi_config_apply_per_lib :  ITTAPI function instrumented: __itt_task_end
2076822 : 0x63bb4c9efaa9 : 2 : ittapi_config_apply_per_lib :  ITTAPI function NOT instrumented (not matched by --itt-config option): __itt_counter_inc_v3

2076822 : 0x63bb4c9f00a4 : 2 : ittapi_config_apply_per_lib :  ITTAPI function NOT instrumented (not matched by --itt-config option): __itt_counter_inc_delta_v3

2076822 : 0x63bb4c9f0913 : 2 : ittapi_config_apply_per_lib :  ITTAPI function not implemented: __itt_marker
2076822 : 0x63bb4c9f106d : 2 : ittapi_config_apply_per_lib :  ITTAPI function instrumented: __itt_metadata_add
2076822 : 0x63bb4c9f19b8 : 2 : ittapi_config_apply_per_lib :  ITTAPI function not implemented: __itt_metadata_str_add
2076822 : 0x63bb4c9f22ca : 2 : ittapi_config_apply_per_lib :  ITTAPI function not implemented: __itt_relation_add_to_current
2076822 : 0x63bb4c9f2b27 : 2 : ittapi_config_apply_per_lib :  ITTAPI function not implemented: __itt_relation_add
2076822 : 0x63bb4c9f3345 : 2 : ittapi_config_apply_per_lib :  ITTAPI function instrumented: __itt_event_create
2076822 : 0x63bb4c9f37a7 : 2 : ittapi_config_apply_per_lib :  ITTAPI function NOT instrumented (not matched by --itt-config option): __itt_event_start

2076822 : 0x63bb4c9f5e28 : 2 : ittapi_config_apply_per_lib :  ITTAPI function NOT instrumented (not matched by --itt-config option): __itt_event_end

2076822 : 0x63bb4c9f63da : 2 : ittapi_config_apply_per_lib :  ITTAPI function NOT instrumented (not matched by --itt-config option): __itt_sync_set_name

2076822 : 0x63bb4c9f68e3 : 2 : ittapi_config_apply_per_lib :  ITTAPI function NOT instrumented (not matched by --itt-config option): __itt_notify_sync_name

2076822 : 0x63bb4c9f6e12 : 2 : ittapi_config_apply_per_lib :  ITTAPI function NOT instrumented (not matched by --itt-config option): __itt_notify_sync_prepare

2076822 : 0x63bb4c9f72a0 : 2 : ittapi_config_apply_per_lib :  ITTAPI function NOT instrumented (not matched by --itt-config option): __itt_notify_sync_cancel

2076822 : 0x63bb4c9f7736 : 2 : ittapi_config_apply_per_lib :  ITTAPI function NOT instrumented (not matched by --itt-config option): __itt_notify_sync_acquired

2076822 : 0x63bb4c9f7b7b : 2 : ittapi_config_apply_per_lib :  ITTAPI function NOT instrumented (not matched by --itt-config option): __itt_notify_sync_releasing

2076822 : 0x63bb4c9f82c2 : 2 : ittapi_config_apply_per_lib :  ITTAPI function not implemented: __itt_memory_read
2076822 : 0x63bb4c9f8a5d : 2 : ittapi_config_apply_per_lib :  ITTAPI function not implemented: __itt_memory_write
2076822 : 0x63bb4c9f92bc : 2 : ittapi_config_apply_per_lib :  ITTAPI function not implemented: __itt_memory_update
2076822 : 0x63bb4c9fc8ca : 2 : ittapi_config_apply_per_lib :  ITTAPI function not implemented: __itt_state_get
2076822 : 0x63bb4c9fd21c : 2 : ittapi_config_apply_per_lib :  ITTAPI function not implemented: __itt_state_set
2076822 : 0x63bb4c9fda3d : 2 : ittapi_config_apply_per_lib :  ITTAPI function not implemented: __itt_obj_mode_set
2076822 : 0x63bb4c9fe1a5 : 2 : ittapi_config_apply_per_lib :  ITTAPI function not implemented: __itt_thr_mode_set
2076822 : 0x63bb4c9fe736 : 2 : ittapi_config_apply_per_lib :  ITTAPI function instrumented: __itt_frame_create
2076822 : 0x63bb4c9fef39 : 2 : ittapi_config_apply_per_lib :  ITTAPI function instrumented: __itt_frame_begin
2076822 : 0x63bb4c9ff66c : 2 : ittapi_config_apply_per_lib :  ITTAPI function instrumented: __itt_frame_end
2076822 : 0x63bb4ca00328 : 2 : ittapi_config_apply_per_lib :  ITTAPI function instrumented: __itt_counter_create
2076822 : 0x63bb4ca00814 : 2 : ittapi_config_apply_per_lib :  ITTAPI function NOT instrumented (not matched by --itt-config option): __itt_counter_destroy

2076822 : 0x63bb4ca00c91 : 2 : ittapi_config_apply_per_lib :  ITTAPI function NOT instrumented (not matched by --itt-config option): __itt_counter_inc

2076822 : 0x63bb4ca02d26 : 2 : ittapi_config_apply_per_lib :  ITTAPI function NOT instrumented (not matched by --itt-config option): __itt_counter_inc_delta

2076822 : 0x63bb4ca034e7 : 2 : ittapi_config_apply_per_lib :  ITTAPI function not implemented: __itt_mark_create
2076822 : 0x63bb4ca03cfb : 2 : ittapi_config_apply_per_lib :  ITTAPI function not implemented: __itt_mark
2076822 : 0x63bb4ca04656 : 2 : ittapi_config_apply_per_lib :  ITTAPI function not implemented: __itt_mark_off
2076822 : 0x63bb4ca04d36 : 2 : ittapi_config_apply_per_lib :  ITTAPI function not implemented: __itt_mark_global
2076822 : 0x63bb4ca0543b : 2 : ittapi_config_apply_per_lib :  ITTAPI function not implemented: __itt_mark_global_off
2076822 : 0x63bb4ca05b9d : 2 : ittapi_config_apply_per_lib :  ITTAPI function instrumented: __itt_stack_caller_create
2076822 : 0x63bb4ca063b7 : 2 : ittapi_config_apply_per_lib :  ITTAPI function instrumented: __itt_stack_caller_destroy
2076822 : 0x63bb4ca06b44 : 2 : ittapi_config_apply_per_lib :  ITTAPI function instrumented: __itt_stack_callee_enter
2076822 : 0x63bb4ca071f5 : 2 : ittapi_config_apply_per_lib :  ITTAPI function instrumented: __itt_stack_callee_leave
2076822 : 0x63bb4ca09ae5 : 2 : ittapi_config_apply_per_lib :  ITTAPI function not implemented: __itt_clock_domain_create
2076822 : 0x63bb4ca0a427 : 2 : ittapi_config_apply_per_lib :  ITTAPI function not implemented: __itt_clock_domain_reset
2076822 : 0x63bb4ca0ab2a : 2 : ittapi_config_apply_per_lib :  ITTAPI function not implemented: __itt_id_create_ex
2076822 : 0x63bb4ca0b313 : 2 : ittapi_config_apply_per_lib :  ITTAPI function not implemented: __itt_id_destroy_ex
2076822 : 0x63bb4ca0bc5e : 2 : ittapi_config_apply_per_lib :  ITTAPI function not implemented: __itt_task_begin_ex
2076822 : 0x63bb4ca0c3c4 : 2 : ittapi_config_apply_per_lib :  ITTAPI function not implemented: __itt_task_begin_fn_ex
2076822 : 0x63bb4ca0cb48 : 2 : ittapi_config_apply_per_lib :  ITTAPI function not implemented: __itt_task_end_ex
2076822 : 0x63bb4ca0d21c : 2 : ittapi_config_apply_per_lib :  ITTAPI function instrumented: __itt_task_begin_overlapped
2076822 : 0x63bb4ca0da7a : 2 : ittapi_config_apply_per_lib :  ITTAPI function not implemented: __itt_task_begin_overlapped_ex
2076822 : 0x63bb4ca0e17e : 2 : ittapi_config_apply_per_lib :  ITTAPI function instrumented: __itt_task_end_overlapped
2076822 : 0x63bb4ca12696 : 2 : ittapi_config_apply_per_lib :  ITTAPI function not implemented: __itt_task_end_overlapped_ex
2076822 : 0x63bb4ca130b0 : 2 : ittapi_config_apply_per_lib :  ITTAPI function not implemented: __itt_marker_ex
2076822 : 0x63bb4ca13a74 : 2 : ittapi_config_apply_per_lib :  ITTAPI function not implemented: __itt_metadata_add_with_scope
2076822 : 0x63bb4ca143c5 : 2 : ittapi_config_apply_per_lib :  ITTAPI function not implemented: __itt_metadata_str_add_with_scope
2076822 : 0x63bb4ca14be1 : 2 : ittapi_config_apply_per_lib :  ITTAPI function not implemented: __itt_relation_add_to_current_ex
2076822 : 0x63bb4ca152f8 : 2 : ittapi_config_apply_per_lib :  ITTAPI function not implemented: __itt_relation_add_ex
2076822 : 0x63bb4ca15a52 : 2 : ittapi_config_apply_per_lib :  ITTAPI function not implemented: __itt_track_group_create
2076822 : 0x63bb4ca1608e : 2 : ittapi_config_apply_per_lib :  ITTAPI function not implemented: __itt_track_create
2076822 : 0x63bb4ca168d7 : 2 : ittapi_config_apply_per_lib :  ITTAPI function not implemented: __itt_set_track
2076822 : 0x63bb4ca16fcf : 2 : ittapi_config_apply_per_lib :  ITTAPI function instrumented: __itt_api_version
2076822 : 0x63bb4ca195b2 : 2 : ittapi_config_apply_per_lib :  ITTAPI function not implemented: __itt_av_save